<html>
<head>
<title>TestNG:  Test5</title>
<link href="../testng.css" rel="stylesheet" type="text/css" />
<link href="../my-testng.css" rel="stylesheet" type="text/css" />

<style type="text/css">
.log { display: none;} 
.stack-trace { display: none;} 
</style>
<script type="text/javascript">
<!--
function flip(e) {
  current = e.style.display;
  if (current == 'block') {
    e.style.display = 'none';
    return 0;
  }
  else {
    e.style.display = 'block';
    return 1;
  }
}

function toggleBox(szDivId, elem, msg1, msg2)
{
  var res = -1;  if (document.getElementById) {
    res = flip(document.getElementById(szDivId));
  }
  else if (document.all) {
    // this is the way old msie versions work
    res = flip(document.all[szDivId]);
  }
  if(elem) {
    if(res == 0) elem.innerHTML = msg1; else elem.innerHTML = msg2;
  }

}

function toggleAllBoxes() {
  if (document.getElementsByTagName) {
    d = document.getElementsByTagName('div');
    for (i = 0; i < d.length; i++) {
      if (d[i].className == 'log') {
        flip(d[i]);
      }
    }
  }
}

// -->
</script>

</head>
<body>
<h2 align='center'>Test5</h2><table border='1' align="center">
<tr>
<td>Tests passed/Failed/Skipped:</td><td>20/0/0</td>
</tr><tr>
<td>Started on:</td><td>Fri May 22 02:03:13 IST 2020</td>
</tr>
<tr><td>Total time:</td><td>0 seconds (680 ms)</td>
</tr><tr>
<td>Included groups:</td><td></td>
</tr><tr>
<td>Excluded groups:</td><td></td>
</tr>
</table><p/>
<small><i>(Hover the method name to see the test class name)</i></small><p/>
<table width='100%' border='1' class='invocation-failed'>
<tr><td colspan='4' align='center'><b>FAILED TESTS</b></td></tr>
<tr><td><b>Test method</b></td>
<td width="30%"><b>Exception</b></td>
<td width="10%"><b>Time (seconds)</b></td>
<td><b>Instance</b></td>
</tr>
<tr>
<td title='com.appname.testcases.SampleClass.sampleTestCase_01()'><b>sampleTestCase_01</b><br>Test class: com.appname.testcases.SampleClass</td>
<td><div><pre>java.lang.AssertionError: expected [true] but found [false]
	at com.appname.testcases.SampleClass.sampleTestCase_01(SampleClass.java:25)
	at java.util.ArrayList.forEach(Unknown Source)
... Removed 31 stack frames</pre></div><a href='#' onClick='toggleBox("stack-trace656349395", this, "Click to show all stack frames", "Click to hide stack frames")'>Click to show all stack frames</a>
<div class='stack-trace' id='stack-trace656349395'><pre>java.lang.AssertionError: expected [true] but found [false]
	at org.testng.Assert.fail(Assert.java:97)
	at org.testng.Assert.failNotEquals(Assert.java:969)
	at org.testng.Assert.assertTrue(Assert.java:43)
	at org.testng.Assert.assertTrue(Assert.java:53)
	at com.appname.testcases.SampleClass.sampleTestCase_01(SampleClass.java:25)
	at sun.reflect.NativeMethodAccessorImpl.invoke0(Native Method)
	at sun.reflect.NativeMethodAccessorImpl.invoke(Unknown Source)
	at sun.reflect.DelegatingMethodAccessorImpl.invoke(Unknown Source)
	at java.lang.reflect.Method.invoke(Unknown Source)
	at org.testng.internal.MethodInvocationHelper.invokeMethod(MethodInvocationHelper.java:134)
	at org.testng.internal.TestInvoker.invokeMethod(TestInvoker.java:597)
	at org.testng.internal.TestInvoker.invokeTestMethod(TestInvoker.java:173)
	at org.testng.internal.MethodRunner.runInSequence(MethodRunner.java:46)
	at org.testng.internal.TestInvoker$MethodInvocationAgent.invoke(TestInvoker.java:816)
	at org.testng.internal.TestInvoker.invokeTestMethods(TestInvoker.java:146)
	at org.testng.internal.TestMethodWorker.invokeTestMethods(TestMethodWorker.java:146)
	at org.testng.internal.TestMethodWorker.run(TestMethodWorker.java:128)
	at java.util.ArrayList.forEach(Unknown Source)
	at org.testng.TestRunner.privateRun(TestRunner.java:766)
	at org.testng.TestRunner.run(TestRunner.java:587)
	at org.testng.SuiteRunner.runTest(SuiteRunner.java:384)
	at org.testng.SuiteRunner.runSequentially(SuiteRunner.java:378)
	at org.testng.SuiteRunner.privateRun(SuiteRunner.java:337)
	at org.testng.SuiteRunner.run(SuiteRunner.java:286)
	at org.testng.SuiteRunnerWorker.runSuite(SuiteRunnerWorker.java:53)
	at org.testng.SuiteRunnerWorker.run(SuiteRunnerWorker.java:96)
	at org.testng.TestNG.runSuitesSequentially(TestNG.java:1187)
	at org.testng.TestNG.runSuitesLocally(TestNG.java:1109)
	at org.testng.TestNG.runSuites(TestNG.java:1039)
	at org.testng.TestNG.run(TestNG.java:1007)
	at org.testng.remote.AbstractRemoteTestNG.run(AbstractRemoteTestNG.java:115)
	at org.testng.remote.RemoteTestNG.initAndRun(RemoteTestNG.java:251)
	at org.testng.remote.RemoteTestNG.main(RemoteTestNG.java:77)
</pre></div></td>
<td>1</td>
<td>com.appname.testcases.SampleClass@6ab778a</td></tr>
<tr>
<td title='com.appname.testcases.SampleClass.sampleTestCase_03()'><b>sampleTestCase_03</b><br>Test class: com.appname.testcases.SampleClass</td>
<td><div><pre>java.lang.AssertionError: expected [true] but found [false]
	at com.appname.testcases.SampleClass.sampleTestCase_03(SampleClass.java:45)
	at java.util.ArrayList.forEach(Unknown Source)
... Removed 31 stack frames</pre></div><a href='#' onClick='toggleBox("stack-trace402207819", this, "Click to show all stack frames", "Click to hide stack frames")'>Click to show all stack frames</a>
<div class='stack-trace' id='stack-trace402207819'><pre>java.lang.AssertionError: expected [true] but found [false]
	at org.testng.Assert.fail(Assert.java:97)
	at org.testng.Assert.failNotEquals(Assert.java:969)
	at org.testng.Assert.assertTrue(Assert.java:43)
	at org.testng.Assert.assertTrue(Assert.java:53)
	at com.appname.testcases.SampleClass.sampleTestCase_03(SampleClass.java:45)
	at sun.reflect.NativeMethodAccessorImpl.invoke0(Native Method)
	at sun.reflect.NativeMethodAccessorImpl.invoke(Unknown Source)
	at sun.reflect.DelegatingMethodAccessorImpl.invoke(Unknown Source)
	at java.lang.reflect.Method.invoke(Unknown Source)
	at org.testng.internal.MethodInvocationHelper.invokeMethod(MethodInvocationHelper.java:134)
	at org.testng.internal.TestInvoker.invokeMethod(TestInvoker.java:597)
	at org.testng.internal.TestInvoker.invokeTestMethod(TestInvoker.java:173)
	at org.testng.internal.MethodRunner.runInSequence(MethodRunner.java:46)
	at org.testng.internal.TestInvoker$MethodInvocationAgent.invoke(TestInvoker.java:816)
	at org.testng.internal.TestInvoker.invokeTestMethods(TestInvoker.java:146)
	at org.testng.internal.TestMethodWorker.invokeTestMethods(TestMethodWorker.java:146)
	at org.testng.internal.TestMethodWorker.run(TestMethodWorker.java:128)
	at java.util.ArrayList.forEach(Unknown Source)
	at org.testng.TestRunner.privateRun(TestRunner.java:766)
	at org.testng.TestRunner.run(TestRunner.java:587)
	at org.testng.SuiteRunner.runTest(SuiteRunner.java:384)
	at org.testng.SuiteRunner.runSequentially(SuiteRunner.java:378)
	at org.testng.SuiteRunner.privateRun(SuiteRunner.java:337)
	at org.testng.SuiteRunner.run(SuiteRunner.java:286)
	at org.testng.SuiteRunnerWorker.runSuite(SuiteRunnerWorker.java:53)
	at org.testng.SuiteRunnerWorker.run(SuiteRunnerWorker.java:96)
	at org.testng.TestNG.runSuitesSequentially(TestNG.java:1187)
	at org.testng.TestNG.runSuitesLocally(TestNG.java:1109)
	at org.testng.TestNG.runSuites(TestNG.java:1039)
	at org.testng.TestNG.run(TestNG.java:1007)
	at org.testng.remote.AbstractRemoteTestNG.run(AbstractRemoteTestNG.java:115)
	at org.testng.remote.RemoteTestNG.initAndRun(RemoteTestNG.java:251)
	at org.testng.remote.RemoteTestNG.main(RemoteTestNG.java:77)
</pre></div></td>
<td>0</td>
<td>com.appname.testcases.SampleClass@6ab778a</td></tr>
<tr>
<td title='com.appname.testcases.SampleClass2.sampleTestCase_05()'><b>sampleTestCase_05</b><br>Test class: com.appname.testcases.SampleClass2</td>
<td><div><pre>java.lang.AssertionError: expected [true] but found [false]
	at com.appname.testcases.SampleClass2.sampleTestCase_05(SampleClass2.java:22)
	at java.util.ArrayList.forEach(Unknown Source)
... Removed 31 stack frames</pre></div><a href='#' onClick='toggleBox("stack-trace1802029863", this, "Click to show all stack frames", "Click to hide stack frames")'>Click to show all stack frames</a>
<div class='stack-trace' id='stack-trace1802029863'><pre>java.lang.AssertionError: expected [true] but found [false]
	at org.testng.Assert.fail(Assert.java:97)
	at org.testng.Assert.failNotEquals(Assert.java:969)
	at org.testng.Assert.assertTrue(Assert.java:43)
	at org.testng.Assert.assertTrue(Assert.java:53)
	at com.appname.testcases.SampleClass2.sampleTestCase_05(SampleClass2.java:22)
	at sun.reflect.NativeMethodAccessorImpl.invoke0(Native Method)
	at sun.reflect.NativeMethodAccessorImpl.invoke(Unknown Source)
	at sun.reflect.DelegatingMethodAccessorImpl.invoke(Unknown Source)
	at java.lang.reflect.Method.invoke(Unknown Source)
	at org.testng.internal.MethodInvocationHelper.invokeMethod(MethodInvocationHelper.java:134)
	at org.testng.internal.TestInvoker.invokeMethod(TestInvoker.java:597)
	at org.testng.internal.TestInvoker.invokeTestMethod(TestInvoker.java:173)
	at org.testng.internal.MethodRunner.runInSequence(MethodRunner.java:46)
	at org.testng.internal.TestInvoker$MethodInvocationAgent.invoke(TestInvoker.java:816)
	at org.testng.internal.TestInvoker.invokeTestMethods(TestInvoker.java:146)
	at org.testng.internal.TestMethodWorker.invokeTestMethods(TestMethodWorker.java:146)
	at org.testng.internal.TestMethodWorker.run(TestMethodWorker.java:128)
	at java.util.ArrayList.forEach(Unknown Source)
	at org.testng.TestRunner.privateRun(TestRunner.java:766)
	at org.testng.TestRunner.run(TestRunner.java:587)
	at org.testng.SuiteRunner.runTest(SuiteRunner.java:384)
	at org.testng.SuiteRunner.runSequentially(SuiteRunner.java:378)
	at org.testng.SuiteRunner.privateRun(SuiteRunner.java:337)
	at org.testng.SuiteRunner.run(SuiteRunner.java:286)
	at org.testng.SuiteRunnerWorker.runSuite(SuiteRunnerWorker.java:53)
	at org.testng.SuiteRunnerWorker.run(SuiteRunnerWorker.java:96)
	at org.testng.TestNG.runSuitesSequentially(TestNG.java:1187)
	at org.testng.TestNG.runSuitesLocally(TestNG.java:1109)
	at org.testng.TestNG.runSuites(TestNG.java:1039)
	at org.testng.TestNG.run(TestNG.java:1007)
	at org.testng.remote.AbstractRemoteTestNG.run(AbstractRemoteTestNG.java:115)
	at org.testng.remote.RemoteTestNG.initAndRun(RemoteTestNG.java:251)
	at org.testng.remote.RemoteTestNG.main(RemoteTestNG.java:77)
</pre></div></td>
<td>2</td>
<td>com.appname.testcases.SampleClass2@5609159b</td></tr>
</table><p>
<table width='100%' border='1' class='invocation-passed'>
<tr><td colspan='4' align='center'><b>PASSED TESTS</b></td></tr>
<tr><td><b>Test method</b></td>
<td width="30%"><b>Exception</b></td>
<td width="10%"><b>Time (seconds)</b></td>
<td><b>Instance</b></td>
</tr>
<tr>
<td title='com.appname.testcases.Sample_DataProviderClass_Use.executingTestUsingDataProvider()'><b>executingTestUsingDataProvider</b><br>Test class: com.appname.testcases.Sample_DataProviderClass_Use<br>Parameters: akanshjha, Password@1</td>
<td></td>
<td>1</td>
<td>com.appname.testcases.Sample_DataProviderClass_Use@7c83dc97</td></tr>
<tr>
<td title='com.appname.testcases.Sample_DataProviderClass_Use.executingTestUsingDataProvider()'><b>executingTestUsingDataProvider</b><br>Test class: com.appname.testcases.Sample_DataProviderClass_Use<br>Parameters: mukultalwar, Password@1</td>
<td></td>
<td>0</td>
<td>com.appname.testcases.Sample_DataProviderClass_Use@7c83dc97</td></tr>
<tr>
<td title='com.appname.testcases.Sample_DataProviderClass_Use.executingTestUsingDataProvider()'><b>executingTestUsingDataProvider</b><br>Test class: com.appname.testcases.Sample_DataProviderClass_Use<br>Parameters: ashishkumarsing, Password@1</td>
<td></td>
<td>0</td>
<td>com.appname.testcases.Sample_DataProviderClass_Use@7c83dc97</td></tr>
<tr>
<td title='com.appname.testcases.Sample_DataProviderClass_Use.executingTestUsingDataProvider()'><b>executingTestUsingDataProvider</b><br>Test class: com.appname.testcases.Sample_DataProviderClass_Use<br>Parameters: riyasukhdevsonune, Password@1</td>
<td></td>
<td>0</td>
<td>com.appname.testcases.Sample_DataProviderClass_Use@7c83dc97</td></tr>
<tr>
<td title='com.appname.testcases.DataDriven_Sample2.sampleTC_001()'><b>sampleTC_001</b><br>Test class: com.appname.testcases.DataDriven_Sample2<br>Parameters: {userName=Akansh, Password=Jha}</td>
<td></td>
<td>0</td>
<td>com.appname.testcases.DataDriven_Sample2@157853da</td></tr>
<tr>
<td title='com.appname.testcases.DataDriven_Sample2.sampleTC_001()'><b>sampleTC_001</b><br>Test class: com.appname.testcases.DataDriven_Sample2<br>Parameters: {userName=Riya, Password=Sonune}</td>
<td></td>
<td>0</td>
<td>com.appname.testcases.DataDriven_Sample2@157853da</td></tr>
<tr>
<td title='com.appname.testcases.DataDriven_Sample2.sampleTC_002()'><b>sampleTC_002</b><br>Test class: com.appname.testcases.DataDriven_Sample2<br>Parameters: {userName=Ashish, Password=Singh}</td>
<td></td>
<td>0</td>
<td>com.appname.testcases.DataDriven_Sample2@157853da</td></tr>
<tr>
<td title='com.appname.testcases.DataDriven_Sample2.sampleTC_002()'><b>sampleTC_002</b><br>Test class: com.appname.testcases.DataDriven_Sample2<br>Parameters: {userName=Mukul, Password=Talwar}</td>
<td></td>
<td>0</td>
<td>com.appname.testcases.DataDriven_Sample2@157853da</td></tr>
<tr>
<td title='com.appname.testcases.DataDriven_Sample2.sampleTC_003()'><b>sampleTC_003</b><br>Test class: com.appname.testcases.DataDriven_Sample2<br>Parameters: {name=Sunil, userName=Aditi, Password=Jha, relation=Father}</td>
<td></td>
<td>0</td>
<td>com.appname.testcases.DataDriven_Sample2@157853da</td></tr>
<tr>
<td title='com.appname.testcases.DataDriven_Sample2.sampleTC_003()'><b>sampleTC_003</b><br>Test class: com.appname.testcases.DataDriven_Sample2<br>Parameters: {name=Anita, userName=Rupin, Password=Jha, relation=Mother}</td>
<td></td>
<td>0</td>
<td>com.appname.testcases.DataDriven_Sample2@157853da</td></tr>
<tr>
<td title='com.appname.testcases.DataDriven_Sample2.sampleTC_003()'><b>sampleTC_003</b><br>Test class: com.appname.testcases.DataDriven_Sample2<br>Parameters: {name=Rekha, userName=Ashish, Password=Singh, relation=Mother}</td>
<td></td>
<td>0</td>
<td>com.appname.testcases.DataDriven_Sample2@157853da</td></tr>
<tr>
<td title='com.appname.testcases.DataDriven_Sample2.sampleTC_003()'><b>sampleTC_003</b><br>Test class: com.appname.testcases.DataDriven_Sample2<br>Parameters: {name=xyz, userName=Mukul, Password=Talwar, relation=abc}</td>
<td></td>
<td>0</td>
<td>com.appname.testcases.DataDriven_Sample2@157853da</td></tr>
<tr>
<td title='com.appname.testcases.DataDriven_Sample2.sampleTC_004()'><b>sampleTC_004</b><br>Test class: com.appname.testcases.DataDriven_Sample2<br>Parameters: {Password2=Jha, Password1=Jha, userName=Aditi, relation=Father, name=Sunil, userName2=Aditi, name2=Sunil, name1=Sunil, relation2=Father, relation1=Father, Password=Jha, userName1=Aditi}</td>
<td></td>
<td>0</td>
<td>com.appname.testcases.DataDriven_Sample2@157853da</td></tr>
<tr>
<td title='com.appname.testcases.DataDriven_Sample2.sampleTC_004()'><b>sampleTC_004</b><br>Test class: com.appname.testcases.DataDriven_Sample2<br>Parameters: {Password2=Jha, Password1=Jha, userName=Rupin, relation=Mother, name=Anita, userName2=Rupin, name2=Anita, name1=Anita, relation2=Mother, relation1=Mother, Password=Jha, userName1=Rupin}</td>
<td></td>
<td>0</td>
<td>com.appname.testcases.DataDriven_Sample2@157853da</td></tr>
<tr>
<td title='com.appname.testcases.DataDriven_Sample2.sampleTC_004()'><b>sampleTC_004</b><br>Test class: com.appname.testcases.DataDriven_Sample2<br>Parameters: {Password2=Singh, Password1=Singh, userName=Ashish, relation=Mother, name=Rekha, userName2=Ashish, name2=Rekha, name1=Rekha, relation2=Mother, relation1=Mother, Password=Singh, userName1=Ashish}</td>
<td></td>
<td>0</td>
<td>com.appname.testcases.DataDriven_Sample2@157853da</td></tr>
<tr>
<td title='com.appname.testcases.DataDriven_Sample2.sampleTC_004()'><b>sampleTC_004</b><br>Test class: com.appname.testcases.DataDriven_Sample2<br>Parameters: {Password2=Talwar, Password1=Talwar, userName=Mukul, relation=abc, name=xyz, userName2=Mukul, name2=xyz, name1=xyz, relation2=abc, relation1=abc, Password=Talwar, userName1=Mukul}</td>
<td></td>
<td>0</td>
<td>com.appname.testcases.DataDriven_Sample2@157853da</td></tr>
<tr>
<td title='com.appname.testcases.DataDriven_Sample2.sampleTC_004()'><b>sampleTC_004</b><br>Test class: com.appname.testcases.DataDriven_Sample2<br>Parameters: {Password2=Jha, Password1=Jha, userName=Aditi, relation=Father, name=Sunil, userName2=Aditi, name2=Sunil, name1=Sunil, relation2=Father, relation1=Father, Password=Jha, userName1=Aditi}</td>
<td></td>
<td>0</td>
<td>com.appname.testcases.DataDriven_Sample2@157853da</td></tr>
<tr>
<td title='com.appname.testcases.DataDriven_Sample2.sampleTC_004()'><b>sampleTC_004</b><br>Test class: com.appname.testcases.DataDriven_Sample2<br>Parameters: {Password2=Jha, Password1=Jha, userName=Rupin, relation=Mother, name=Anita, userName2=Rupin, name2=Anita, name1=Anita, relation2=Mother, relation1=Mother, Password=Jha, userName1=Rupin}</td>
<td></td>
<td>0</td>
<td>com.appname.testcases.DataDriven_Sample2@157853da</td></tr>
<tr>
<td title='com.appname.testcases.DataDriven_Sample2.sampleTC_004()'><b>sampleTC_004</b><br>Test class: com.appname.testcases.DataDriven_Sample2<br>Parameters: {Password2=Singh, Password1=Singh, userName=Ashish, relation=Mother, name=Rekha, userName2=Ashish, name2=Rekha, name1=Rekha, relation2=Mother, relation1=Mother, Password=Singh, userName1=Ashish}</td>
<td></td>
<td>0</td>
<td>com.appname.testcases.DataDriven_Sample2@157853da</td></tr>
<tr>
<td title='com.appname.testcases.DataDriven_Sample2.sampleTC_004()'><b>sampleTC_004</b><br>Test class: com.appname.testcases.DataDriven_Sample2<br>Parameters: {Password2=Talwar, Password1=Talwar, userName=Mukul, relation=abc, name=xyz, userName2=Mukul, name2=xyz, name1=xyz, relation2=abc, relation1=abc, Password=Talwar, userName1=Mukul}</td>
<td></td>
<td>0</td>
<td>com.appname.testcases.DataDriven_Sample2@157853da</td></tr>
<tr>
<td title='com.appname.testcases.DataDriven_Sample2.sampleTC_004()'><b>sampleTC_004</b><br>Test class: com.appname.testcases.DataDriven_Sample2<br>Parameters: {Password2=Jha, Password1=Jha, userName=Aditi, relation=Father, name=Sunil, userName2=Aditi, name2=Sunil, name1=Sunil, relation2=Father, relation1=Father, Password=Jha, userName1=Aditi}</td>
<td></td>
<td>0</td>
<td>com.appname.testcases.DataDriven_Sample2@157853da</td></tr>
<tr>
<td title='com.appname.testcases.DataDriven_Sample2.sampleTC_004()'><b>sampleTC_004</b><br>Test class: com.appname.testcases.DataDriven_Sample2<br>Parameters: {Password2=Jha, Password1=Jha, userName=Rupin, relation=Mother, name=Anita, userName2=Rupin, name2=Anita, name1=Anita, relation2=Mother, relation1=Mother, Password=Jha, userName1=Rupin}</td>
<td></td>
<td>0</td>
<td>com.appname.testcases.DataDriven_Sample2@157853da</td></tr>
<tr>
<td title='com.appname.testcases.DataDriven_Sample2.sampleTC_004()'><b>sampleTC_004</b><br>Test class: com.appname.testcases.DataDriven_Sample2<br>Parameters: {Password2=Singh, Password1=Singh, userName=Ashish, relation=Mother, name=Rekha, userName2=Ashish, name2=Rekha, name1=Rekha, relation2=Mother, relation1=Mother, Password=Singh, userName1=Ashish}</td>
<td></td>
<td>0</td>
<td>com.appname.testcases.DataDriven_Sample2@157853da</td></tr>
<tr>
<td title='com.appname.testcases.DataDriven_Sample2.sampleTC_004()'><b>sampleTC_004</b><br>Test class: com.appname.testcases.DataDriven_Sample2<br>Parameters: {Password2=Talwar, Password1=Talwar, userName=Mukul, relation=abc, name=xyz, userName2=Mukul, name2=xyz, name1=xyz, relation2=abc, relation1=abc, Password=Talwar, userName1=Mukul}</td>
<td></td>
<td>0</td>
<td>com.appname.testcases.DataDriven_Sample2@157853da</td></tr>
<tr>
<td title='com.appname.testcases.SampleClass.sampleTestCase_02()'><b>sampleTestCase_02</b><br>Test class: com.appname.testcases.SampleClass</td>
<td></td>
<td>1</td>
<td>com.appname.testcases.SampleClass@6ab778a</td></tr>
<tr>
<td title='com.appname.testcases.SampleClass.sampleTestCase_04()'><b>sampleTestCase_04</b><br>Test class: com.appname.testcases.SampleClass</td>
<td></td>
<td>0</td>
<td>com.appname.testcases.SampleClass@6ab778a</td></tr>
</table><p>
<table width='100%' border='1' class='invocation-skipped'>
<tr><td colspan='4' align='center'><b>SKIPPED TESTS</b></td></tr>
<tr><td><b>Test method</b></td>
<td width="30%"><b>Exception</b></td>
<td width="10%"><b>Time (seconds)</b></td>
<td><b>Instance</b></td>
</tr>
<tr>
<td title='com.appname.testcases.SampleClass3.sampleTestCase_06()'><b>sampleTestCase_06</b><br>Test class: com.appname.testcases.SampleClass3</td>
<td><div><pre>org.testng.SkipException: Skipping this Test
	at com.appname.testcases.SampleClass3.sampleTestCase_06(SampleClass3.java:23)
	at java.util.ArrayList.forEach(Unknown Source)
... Removed 27 stack frames</pre></div><a href='#' onClick='toggleBox("stack-trace1215023524", this, "Click to show all stack frames", "Click to hide stack frames")'>Click to show all stack frames</a>
<div class='stack-trace' id='stack-trace1215023524'><pre>org.testng.SkipException: Skipping this Test
	at com.appname.testcases.SampleClass3.sampleTestCase_06(SampleClass3.java:23)
	at sun.reflect.NativeMethodAccessorImpl.invoke0(Native Method)
	at sun.reflect.NativeMethodAccessorImpl.invoke(Unknown Source)
	at sun.reflect.DelegatingMethodAccessorImpl.invoke(Unknown Source)
	at java.lang.reflect.Method.invoke(Unknown Source)
	at org.testng.internal.MethodInvocationHelper.invokeMethod(MethodInvocationHelper.java:134)
	at org.testng.internal.TestInvoker.invokeMethod(TestInvoker.java:597)
	at org.testng.internal.TestInvoker.invokeTestMethod(TestInvoker.java:173)
	at org.testng.internal.MethodRunner.runInSequence(MethodRunner.java:46)
	at org.testng.internal.TestInvoker$MethodInvocationAgent.invoke(TestInvoker.java:816)
	at org.testng.internal.TestInvoker.invokeTestMethods(TestInvoker.java:146)
	at org.testng.internal.TestMethodWorker.invokeTestMethods(TestMethodWorker.java:146)
	at org.testng.internal.TestMethodWorker.run(TestMethodWorker.java:128)
	at java.util.ArrayList.forEach(Unknown Source)
	at org.testng.TestRunner.privateRun(TestRunner.java:766)
	at org.testng.TestRunner.run(TestRunner.java:587)
	at org.testng.SuiteRunner.runTest(SuiteRunner.java:384)
	at org.testng.SuiteRunner.runSequentially(SuiteRunner.java:378)
	at org.testng.SuiteRunner.privateRun(SuiteRunner.java:337)
	at org.testng.SuiteRunner.run(SuiteRunner.java:286)
	at org.testng.SuiteRunnerWorker.runSuite(SuiteRunnerWorker.java:53)
	at org.testng.SuiteRunnerWorker.run(SuiteRunnerWorker.java:96)
	at org.testng.TestNG.runSuitesSequentially(TestNG.java:1187)
	at org.testng.TestNG.runSuitesLocally(TestNG.java:1109)
	at org.testng.TestNG.runSuites(TestNG.java:1039)
	at org.testng.TestNG.run(TestNG.java:1007)
	at org.testng.remote.AbstractRemoteTestNG.run(AbstractRemoteTestNG.java:115)
	at org.testng.remote.RemoteTestNG.initAndRun(RemoteTestNG.java:251)
	at org.testng.remote.RemoteTestNG.main(RemoteTestNG.java:77)
</pre></div></td>
<td>1</td>
<td>com.appname.testcases.SampleClass3@672872e1</td></tr>
</table><p>
</body>
</html>