<?xml version="1.0" encoding="UTF-8"?>
<!-- Generated by org.testng.reporters.JUnitXMLReporter -->
<testsuite ignored="0" hostname="deepakdj1990" failures="3" tests="7" name="Test" time="47.342" errors="0" timestamp="2020-05-16T17:47:25 IST">
  <testcase classname="com.appname.testcases.SampleClass" name="sampleTestCase_01" time="1.991">
    <failure type="java.lang.AssertionError" message="expected [true] but found [false]">
      <![CDATA[java.lang.AssertionError: expected [true] but found [false]
at com.appname.testcases.SampleClass.sampleTestCase_01(SampleClass.java:23)
at java.base/java.util.ArrayList.forEach(ArrayList.java:1540)
... Removed 31 stack frames]]>
    </failure>
  </testcase> <!-- sampleTestCase_01 -->
  <testcase classname="com.appname.testcases.SampleClass" name="sampleTestCase_02" time="1.696"/>
  <testcase classname="com.appname.testcases.SampleClass" name="sampleTestCase_03" time="0.893">
    <failure type="java.lang.AssertionError" message="expected [true] but found [false]">
      <![CDATA[java.lang.AssertionError: expected [true] but found [false]
at com.appname.testcases.SampleClass.sampleTestCase_03(SampleClass.java:43)
at java.base/java.util.ArrayList.forEach(ArrayList.java:1540)
... Removed 31 stack frames]]>
    </failure>
  </testcase> <!-- sampleTestCase_03 -->
  <testcase classname="com.appname.testcases.SampleClass" name="sampleTestCase_04" time="0.874"/>
  <testcase classname="com.appname.testcases.SampleClass2" name="sampleTestCase_05" time="1.779">
    <failure type="java.lang.AssertionError" message="expected [true] but found [false]">
      <![CDATA[java.lang.AssertionError: expected [true] but found [false]
at com.appname.testcases.SampleClass2.sampleTestCase_05(SampleClass2.java:22)
at java.base/java.util.ArrayList.forEach(ArrayList.java:1540)
... Removed 31 stack frames]]>
    </failure>
  </testcase> <!-- sampleTestCase_05 -->
  <testcase classname="com.appname.testcases.SampleClass3" name="sampleTestCase_06" time="1.658"/>
  <testcase classname="com.appname.testcases.SampleClass4" name="sampleTestCase_07" time="2.206"/>
</testsuite> <!-- Test -->
