14-May-2020 21:28:34.090 [main] DEBUG com.appname.testcases.BaseClass - Fetching the Chrome driver from WebDriverManager.
14-May-2020 21:28:38.840 [main] DEBUG com.appname.testcases.BaseClass - Instantiating the Chrome Driver.
14-May-2020 21:28:40.995 [main] DEBUG com.appname.testcases.BaseClass - The browser window is maximized.
14-May-2020 21:28:41.011 [main] DEBUG com.appname.testcases.BaseClass - Implicit wait is set to 5 seconds for the execution.
14-May-2020 21:28:41.016 [main] DEBUG com.appname.testcases.BaseClass - Explicit wait is set to 10 seconds for the execution.
14-May-2020 21:28:42.995 [main] INFO  com.appname.testcases.SampleClass - Test Case has been executed successfully.
14-May-2020 21:28:45.005 [main] DEBUG com.appname.testcases.BaseClass - Tearing Down the Class.
14-May-2020 21:28:45.005 [main] DEBUG com.appname.testcases.BaseClass - Closing all the opened browsers.
14-May-2020 21:29:16.806 [main] DEBUG com.appname.testcases.BaseClass - Fetching the Chrome driver from WebDriverManager.
14-May-2020 21:29:21.411 [main] DEBUG com.appname.testcases.BaseClass - Instantiating the Chrome Driver.
14-May-2020 21:29:23.546 [main] DEBUG com.appname.testcases.BaseClass - The browser window is maximized.
14-May-2020 21:29:23.555 [main] DEBUG com.appname.testcases.BaseClass - Implicit wait is set to 5 seconds for the execution.
14-May-2020 21:29:23.560 [main] DEBUG com.appname.testcases.BaseClass - Explicit wait is set to 10 seconds for the execution.
14-May-2020 21:29:25.480 [main] INFO  com.appname.testcases.SampleClass - Test Case has been executed successfully.
14-May-2020 21:29:27.491 [main] DEBUG com.appname.testcases.BaseClass - Tearing Down the Class.
14-May-2020 21:29:27.491 [main] DEBUG com.appname.testcases.BaseClass - Closing all the opened browsers.
14-May-2020 22:30:42.810 [main] DEBUG com.appname.testcases.BaseClass - Fetching the Chrome driver from WebDriverManager.
14-May-2020 22:30:48.676 [main] DEBUG com.appname.testcases.BaseClass - Instantiating the Chrome Driver.
14-May-2020 22:30:50.819 [main] DEBUG com.appname.testcases.BaseClass - The browser window is maximized.
14-May-2020 22:30:50.830 [main] DEBUG com.appname.testcases.BaseClass - Implicit wait is set to 5 seconds for the execution.
14-May-2020 22:30:50.836 [main] DEBUG com.appname.testcases.BaseClass - Explicit wait is set to 10 seconds for the execution.
14-May-2020 22:30:54.171 [main] INFO  com.appname.testcases.SampleClass - Test Case has been executed successfully.
14-May-2020 22:30:56.179 [main] DEBUG com.appname.testcases.BaseClass - Tearing Down the Class.
14-May-2020 22:30:56.180 [main] DEBUG com.appname.testcases.BaseClass - Closing all the opened browsers.
15-May-2020 16:06:11.246 [main] DEBUG com.appname.testcases.BaseClass - C:\Users\deepa\eclipse-workspace\Java-Selenium-TestNG-Framework\configurations\data.properties (The system cannot find the file specified)
15-May-2020 16:06:11.260 [main] ERROR com.appname.testcases.BaseClass - Properties File is not available in 'C:\Users\deepa\eclipse-workspace\Java-Selenium-TestNG-Framework/configurations/' folder. Please place the file in this location.
java.io.FileNotFoundException: C:\Users\deepa\eclipse-workspace\Java-Selenium-TestNG-Framework\configurations\data.properties (The system cannot find the file specified)
	at java.io.FileInputStream.open0(Native Method) ~[?:?]
	at java.io.FileInputStream.open(FileInputStream.java:213) ~[?:?]
	at java.io.FileInputStream.<init>(FileInputStream.java:155) ~[?:?]
	at java.io.FileInputStream.<init>(FileInputStream.java:110) ~[?:?]
	at com.appname.testcases.BaseClass.loadPropertiesFile(BaseClass.java:135) ~[test-classes/:?]
	at com.appname.testcases.BaseClass.setUp(BaseClass.java:44) ~[test-classes/:?]
	at jdk.internal.reflect.NativeMethodAccessorImpl.invoke0(Native Method) ~[?:?]
	at jdk.internal.reflect.NativeMethodAccessorImpl.invoke(NativeMethodAccessorImpl.java:62) ~[?:?]
	at jdk.internal.reflect.DelegatingMethodAccessorImpl.invoke(DelegatingMethodAccessorImpl.java:43) ~[?:?]
	at java.lang.reflect.Method.invoke(Method.java:567) ~[?:?]
	at org.testng.internal.MethodInvocationHelper.invokeMethod(MethodInvocationHelper.java:134) ~[testng-7.1.0.jar:?]
	at org.testng.internal.MethodInvocationHelper.invokeMethodConsideringTimeout(MethodInvocationHelper.java:63) ~[testng-7.1.0.jar:?]
	at org.testng.internal.ConfigInvoker.invokeConfigurationMethod(ConfigInvoker.java:348) ~[testng-7.1.0.jar:?]
	at org.testng.internal.ConfigInvoker.invokeConfigurations(ConfigInvoker.java:302) ~[testng-7.1.0.jar:?]
	at org.testng.internal.TestMethodWorker.invokeBeforeClassMethods(TestMethodWorker.java:176) ~[testng-7.1.0.jar:?]
	at org.testng.internal.TestMethodWorker.run(TestMethodWorker.java:122) ~[testng-7.1.0.jar:?]
	at java.util.ArrayList.forEach(ArrayList.java:1540) [?:?]
	at org.testng.TestRunner.privateRun(TestRunner.java:766) [testng-7.1.0.jar:?]
	at org.testng.TestRunner.run(TestRunner.java:587) [testng-7.1.0.jar:?]
	at org.testng.SuiteRunner.runTest(SuiteRunner.java:384) [testng-7.1.0.jar:?]
	at org.testng.SuiteRunner.runSequentially(SuiteRunner.java:378) [testng-7.1.0.jar:?]
	at org.testng.SuiteRunner.privateRun(SuiteRunner.java:337) [testng-7.1.0.jar:?]
	at org.testng.SuiteRunner.run(SuiteRunner.java:286) [testng-7.1.0.jar:?]
	at org.testng.SuiteRunnerWorker.runSuite(SuiteRunnerWorker.java:53) [testng-7.1.0.jar:?]
	at org.testng.SuiteRunnerWorker.run(SuiteRunnerWorker.java:96) [testng-7.1.0.jar:?]
	at org.testng.TestNG.runSuitesSequentially(TestNG.java:1187) [testng-7.1.0.jar:?]
	at org.testng.TestNG.runSuitesLocally(TestNG.java:1109) [testng-7.1.0.jar:?]
	at org.testng.TestNG.runSuites(TestNG.java:1039) [testng-7.1.0.jar:?]
	at org.testng.TestNG.run(TestNG.java:1007) [testng-7.1.0.jar:?]
	at org.testng.remote.AbstractRemoteTestNG.run(AbstractRemoteTestNG.java:115) [testng-remote.jar:?]
	at org.testng.remote.RemoteTestNG.initAndRun(RemoteTestNG.java:251) [testng-remote.jar:?]
	at org.testng.remote.RemoteTestNG.main(RemoteTestNG.java:77) [testng-remote.jar:?]
15-May-2020 16:11:35.122 [main] ERROR com.appname.testcases.BaseClass - Properties File is not available in 'C:\Users\deepa\eclipse-workspace\Java-Selenium-TestNG-Framework/configurations/' folder. Please place the file in this location.
java.io.FileNotFoundException: C:\Users\deepa\eclipse-workspace\Java-Selenium-TestNG-Framework\configurationa\data.properties (The system cannot find the path specified)
	at java.io.FileInputStream.open0(Native Method) ~[?:?]
	at java.io.FileInputStream.open(FileInputStream.java:213) ~[?:?]
	at java.io.FileInputStream.<init>(FileInputStream.java:155) ~[?:?]
	at java.io.FileInputStream.<init>(FileInputStream.java:110) ~[?:?]
	at com.appname.testcases.BaseClass.loadPropertiesFile(BaseClass.java:136) ~[test-classes/:?]
	at com.appname.testcases.BaseClass.setUp(BaseClass.java:45) ~[test-classes/:?]
	at jdk.internal.reflect.NativeMethodAccessorImpl.invoke0(Native Method) ~[?:?]
	at jdk.internal.reflect.NativeMethodAccessorImpl.invoke(NativeMethodAccessorImpl.java:62) ~[?:?]
	at jdk.internal.reflect.DelegatingMethodAccessorImpl.invoke(DelegatingMethodAccessorImpl.java:43) ~[?:?]
	at java.lang.reflect.Method.invoke(Method.java:567) ~[?:?]
	at org.testng.internal.MethodInvocationHelper.invokeMethod(MethodInvocationHelper.java:134) ~[testng-7.1.0.jar:?]
	at org.testng.internal.MethodInvocationHelper.invokeMethodConsideringTimeout(MethodInvocationHelper.java:63) ~[testng-7.1.0.jar:?]
	at org.testng.internal.ConfigInvoker.invokeConfigurationMethod(ConfigInvoker.java:348) ~[testng-7.1.0.jar:?]
	at org.testng.internal.ConfigInvoker.invokeConfigurations(ConfigInvoker.java:302) ~[testng-7.1.0.jar:?]
	at org.testng.internal.TestMethodWorker.invokeBeforeClassMethods(TestMethodWorker.java:176) ~[testng-7.1.0.jar:?]
	at org.testng.internal.TestMethodWorker.run(TestMethodWorker.java:122) ~[testng-7.1.0.jar:?]
	at java.util.ArrayList.forEach(ArrayList.java:1540) [?:?]
	at org.testng.TestRunner.privateRun(TestRunner.java:766) [testng-7.1.0.jar:?]
	at org.testng.TestRunner.run(TestRunner.java:587) [testng-7.1.0.jar:?]
	at org.testng.SuiteRunner.runTest(SuiteRunner.java:384) [testng-7.1.0.jar:?]
	at org.testng.SuiteRunner.runSequentially(SuiteRunner.java:378) [testng-7.1.0.jar:?]
	at org.testng.SuiteRunner.privateRun(SuiteRunner.java:337) [testng-7.1.0.jar:?]
	at org.testng.SuiteRunner.run(SuiteRunner.java:286) [testng-7.1.0.jar:?]
	at org.testng.SuiteRunnerWorker.runSuite(SuiteRunnerWorker.java:53) [testng-7.1.0.jar:?]
	at org.testng.SuiteRunnerWorker.run(SuiteRunnerWorker.java:96) [testng-7.1.0.jar:?]
	at org.testng.TestNG.runSuitesSequentially(TestNG.java:1187) [testng-7.1.0.jar:?]
	at org.testng.TestNG.runSuitesLocally(TestNG.java:1109) [testng-7.1.0.jar:?]
	at org.testng.TestNG.runSuites(TestNG.java:1039) [testng-7.1.0.jar:?]
	at org.testng.TestNG.run(TestNG.java:1007) [testng-7.1.0.jar:?]
	at org.testng.remote.AbstractRemoteTestNG.run(AbstractRemoteTestNG.java:115) [testng-remote.jar:?]
	at org.testng.remote.RemoteTestNG.initAndRun(RemoteTestNG.java:251) [testng-remote.jar:?]
	at org.testng.remote.RemoteTestNG.main(RemoteTestNG.java:77) [testng-remote.jar:?]
15-May-2020 16:13:47.255 [main] DEBUG com.appname.testcases.BaseClass - Fetching the Chrome driver from WebDriverManager.
15-May-2020 16:13:53.016 [main] DEBUG com.appname.testcases.BaseClass - Instantiating the Chrome Driver.
15-May-2020 16:13:55.167 [main] DEBUG com.appname.testcases.BaseClass - The browser window is maximized.
15-May-2020 16:13:55.184 [main] DEBUG com.appname.testcases.BaseClass - Implicit wait is set to 5 seconds for the execution.
15-May-2020 16:13:55.189 [main] DEBUG com.appname.testcases.BaseClass - Explicit wait is set to 10 seconds for the execution.
15-May-2020 16:13:57.354 [main] INFO  com.appname.testcases.SampleClass - Test Case has been executed successfully.
15-May-2020 16:13:59.363 [main] DEBUG com.appname.testcases.BaseClass - Tearing Down the Class.
15-May-2020 16:13:59.363 [main] DEBUG com.appname.testcases.BaseClass - Closing all the opened browsers.
15-May-2020 16:15:02.664 [main] WARN  com.appname.testcases.BaseClass - Browser value is not given or incorrect in properties file. Please check.
Running on Chrome Browser by default.
15-May-2020 16:15:02.670 [main] DEBUG com.appname.testcases.BaseClass - Fetching the Chrome driver from WebDriverManager.
15-May-2020 16:15:07.310 [main] DEBUG com.appname.testcases.BaseClass - Instantiating the Chrome Driver.

15-May-2020 16:15:09.470 [main] DEBUG com.appname.testcases.BaseClass - The browser window is maximized.
15-May-2020 16:15:09.485 [main] DEBUG com.appname.testcases.BaseClass - Implicit wait is set to 5 seconds for the execution.
15-May-2020 16:15:09.495 [main] DEBUG com.appname.testcases.BaseClass - Explicit wait is set to 10 seconds for the execution.
15-May-2020 16:15:11.117 [main] INFO  com.appname.testcases.SampleClass - Test Case has been executed successfully.
15-May-2020 16:15:13.127 [main] DEBUG com.appname.testcases.BaseClass - Tearing Down the Class.
15-May-2020 16:15:13.127 [main] DEBUG com.appname.testcases.BaseClass - Closing all the opened browsers.
15-May-2020 16:41:40.336 [main] ERROR com.appname.testcases.BaseClass - We fetched '0' value for Implicit Wait Time. Please provide the valid value for this property.
java.lang.NumberFormatException: For input string: ""
	at java.lang.NumberFormatException.forInputString(NumberFormatException.java:68) ~[?:?]
	at java.lang.Integer.parseInt(Integer.java:668) ~[?:?]
	at java.lang.Integer.valueOf(Integer.java:989) ~[?:?]
	at com.appname.testcases.BaseClass.setUp(BaseClass.java:49) ~[test-classes/:?]
	at jdk.internal.reflect.NativeMethodAccessorImpl.invoke0(Native Method) ~[?:?]
	at jdk.internal.reflect.NativeMethodAccessorImpl.invoke(NativeMethodAccessorImpl.java:62) ~[?:?]
	at jdk.internal.reflect.DelegatingMethodAccessorImpl.invoke(DelegatingMethodAccessorImpl.java:43) ~[?:?]
	at java.lang.reflect.Method.invoke(Method.java:567) ~[?:?]
	at org.testng.internal.MethodInvocationHelper.invokeMethod(MethodInvocationHelper.java:134) ~[testng-7.1.0.jar:?]
	at org.testng.internal.MethodInvocationHelper.invokeMethodConsideringTimeout(MethodInvocationHelper.java:63) ~[testng-7.1.0.jar:?]
	at org.testng.internal.ConfigInvoker.invokeConfigurationMethod(ConfigInvoker.java:348) ~[testng-7.1.0.jar:?]
	at org.testng.internal.ConfigInvoker.invokeConfigurations(ConfigInvoker.java:302) ~[testng-7.1.0.jar:?]
	at org.testng.internal.TestMethodWorker.invokeBeforeClassMethods(TestMethodWorker.java:176) ~[testng-7.1.0.jar:?]
	at org.testng.internal.TestMethodWorker.run(TestMethodWorker.java:122) ~[testng-7.1.0.jar:?]
	at java.util.ArrayList.forEach(ArrayList.java:1540) [?:?]
	at org.testng.TestRunner.privateRun(TestRunner.java:766) [testng-7.1.0.jar:?]
	at org.testng.TestRunner.run(TestRunner.java:587) [testng-7.1.0.jar:?]
	at org.testng.SuiteRunner.runTest(SuiteRunner.java:384) [testng-7.1.0.jar:?]
	at org.testng.SuiteRunner.runSequentially(SuiteRunner.java:378) [testng-7.1.0.jar:?]
	at org.testng.SuiteRunner.privateRun(SuiteRunner.java:337) [testng-7.1.0.jar:?]
	at org.testng.SuiteRunner.run(SuiteRunner.java:286) [testng-7.1.0.jar:?]
	at org.testng.SuiteRunnerWorker.runSuite(SuiteRunnerWorker.java:53) [testng-7.1.0.jar:?]
	at org.testng.SuiteRunnerWorker.run(SuiteRunnerWorker.java:96) [testng-7.1.0.jar:?]
	at org.testng.TestNG.runSuitesSequentially(TestNG.java:1187) [testng-7.1.0.jar:?]
	at org.testng.TestNG.runSuitesLocally(TestNG.java:1109) [testng-7.1.0.jar:?]
	at org.testng.TestNG.runSuites(TestNG.java:1039) [testng-7.1.0.jar:?]
	at org.testng.TestNG.run(TestNG.java:1007) [testng-7.1.0.jar:?]
	at org.testng.remote.AbstractRemoteTestNG.run(AbstractRemoteTestNG.java:115) [testng-remote.jar:?]
	at org.testng.remote.RemoteTestNG.initAndRun(RemoteTestNG.java:251) [testng-remote.jar:?]
	at org.testng.remote.RemoteTestNG.main(RemoteTestNG.java:77) [testng-remote.jar:?]
15-May-2020 16:41:40.364 [main] ERROR com.appname.testcases.BaseClass - Termination the execution.
15-May-2020 16:41:40.365 [main] WARN  com.appname.testcases.BaseClass - Browser value is not given or incorrect in properties file. Please check.
Running on Chrome Browser by default.
15-May-2020 16:41:40.365 [main] DEBUG com.appname.testcases.BaseClass - Fetching the Chrome driver from WebDriverManager.
15-May-2020 16:41:45.132 [main] DEBUG com.appname.testcases.BaseClass - Instantiating the Chrome Driver.

15-May-2020 16:41:47.272 [main] DEBUG com.appname.testcases.BaseClass - The browser window is maximized.
15-May-2020 16:41:47.280 [main] DEBUG com.appname.testcases.BaseClass - Implicit wait is set to 0 seconds for the execution.
15-May-2020 16:41:47.285 [main] DEBUG com.appname.testcases.BaseClass - Explicit wait is set to 10 seconds for the execution.
15-May-2020 16:41:50.021 [main] INFO  com.appname.testcases.SampleClass - Test Case has been executed successfully.
15-May-2020 16:41:52.032 [main] DEBUG com.appname.testcases.BaseClass - Tearing Down the Class.
15-May-2020 16:41:52.032 [main] DEBUG com.appname.testcases.BaseClass - Closing all the opened browsers.
15-May-2020 16:44:18.909 [main] ERROR com.appname.testcases.BaseClass - We fetched String value for Implicit Wait Time. Please provide the valid value for this property.
java.lang.NumberFormatException: For input string: ""
	at java.lang.NumberFormatException.forInputString(NumberFormatException.java:68) ~[?:?]
	at java.lang.Integer.parseInt(Integer.java:668) ~[?:?]
	at java.lang.Integer.valueOf(Integer.java:989) ~[?:?]
	at com.appname.testcases.BaseClass.setUp(BaseClass.java:49) ~[test-classes/:?]
	at jdk.internal.reflect.NativeMethodAccessorImpl.invoke0(Native Method) ~[?:?]
	at jdk.internal.reflect.NativeMethodAccessorImpl.invoke(NativeMethodAccessorImpl.java:62) ~[?:?]
	at jdk.internal.reflect.DelegatingMethodAccessorImpl.invoke(DelegatingMethodAccessorImpl.java:43) ~[?:?]
	at java.lang.reflect.Method.invoke(Method.java:567) ~[?:?]
	at org.testng.internal.MethodInvocationHelper.invokeMethod(MethodInvocationHelper.java:134) ~[testng-7.1.0.jar:?]
	at org.testng.internal.MethodInvocationHelper.invokeMethodConsideringTimeout(MethodInvocationHelper.java:63) ~[testng-7.1.0.jar:?]
	at org.testng.internal.ConfigInvoker.invokeConfigurationMethod(ConfigInvoker.java:348) ~[testng-7.1.0.jar:?]
	at org.testng.internal.ConfigInvoker.invokeConfigurations(ConfigInvoker.java:302) ~[testng-7.1.0.jar:?]
	at org.testng.internal.TestMethodWorker.invokeBeforeClassMethods(TestMethodWorker.java:176) ~[testng-7.1.0.jar:?]
	at org.testng.internal.TestMethodWorker.run(TestMethodWorker.java:122) ~[testng-7.1.0.jar:?]
	at java.util.ArrayList.forEach(ArrayList.java:1540) [?:?]
	at org.testng.TestRunner.privateRun(TestRunner.java:766) [testng-7.1.0.jar:?]
	at org.testng.TestRunner.run(TestRunner.java:587) [testng-7.1.0.jar:?]
	at org.testng.SuiteRunner.runTest(SuiteRunner.java:384) [testng-7.1.0.jar:?]
	at org.testng.SuiteRunner.runSequentially(SuiteRunner.java:378) [testng-7.1.0.jar:?]
	at org.testng.SuiteRunner.privateRun(SuiteRunner.java:337) [testng-7.1.0.jar:?]
	at org.testng.SuiteRunner.run(SuiteRunner.java:286) [testng-7.1.0.jar:?]
	at org.testng.SuiteRunnerWorker.runSuite(SuiteRunnerWorker.java:53) [testng-7.1.0.jar:?]
	at org.testng.SuiteRunnerWorker.run(SuiteRunnerWorker.java:96) [testng-7.1.0.jar:?]
	at org.testng.TestNG.runSuitesSequentially(TestNG.java:1187) [testng-7.1.0.jar:?]
	at org.testng.TestNG.runSuitesLocally(TestNG.java:1109) [testng-7.1.0.jar:?]
	at org.testng.TestNG.runSuites(TestNG.java:1039) [testng-7.1.0.jar:?]
	at org.testng.TestNG.run(TestNG.java:1007) [testng-7.1.0.jar:?]
	at org.testng.remote.AbstractRemoteTestNG.run(AbstractRemoteTestNG.java:115) [testng-remote.jar:?]
	at org.testng.remote.RemoteTestNG.initAndRun(RemoteTestNG.java:251) [testng-remote.jar:?]
	at org.testng.remote.RemoteTestNG.main(RemoteTestNG.java:77) [testng-remote.jar:?]
15-May-2020 16:44:18.933 [main] ERROR com.appname.testcases.BaseClass - Terminating the execution.
15-May-2020 17:44:07.186 [main] ERROR com.appname.testcases.BaseClass - We fetched an invalid value for 'implicit_wait_time' property. Please provide the valid interger value for this property.
java.lang.NumberFormatException: null
	at java.lang.Integer.parseInt(Integer.java:620) ~[?:?]
	at java.lang.Integer.valueOf(Integer.java:989) ~[?:?]
	at com.appname.testcases.BaseClass.getIntegerPropertyValue(BaseClass.java:171) ~[test-classes/:?]
	at com.appname.testcases.BaseClass.setUp(BaseClass.java:49) ~[test-classes/:?]
	at jdk.internal.reflect.NativeMethodAccessorImpl.invoke0(Native Method) ~[?:?]
	at jdk.internal.reflect.NativeMethodAccessorImpl.invoke(NativeMethodAccessorImpl.java:62) ~[?:?]
	at jdk.internal.reflect.DelegatingMethodAccessorImpl.invoke(DelegatingMethodAccessorImpl.java:43) ~[?:?]
	at java.lang.reflect.Method.invoke(Method.java:567) ~[?:?]
	at org.testng.internal.MethodInvocationHelper.invokeMethod(MethodInvocationHelper.java:134) ~[testng-7.1.0.jar:?]
	at org.testng.internal.MethodInvocationHelper.invokeMethodConsideringTimeout(MethodInvocationHelper.java:63) ~[testng-7.1.0.jar:?]
	at org.testng.internal.ConfigInvoker.invokeConfigurationMethod(ConfigInvoker.java:348) ~[testng-7.1.0.jar:?]
	at org.testng.internal.ConfigInvoker.invokeConfigurations(ConfigInvoker.java:302) ~[testng-7.1.0.jar:?]
	at org.testng.internal.TestMethodWorker.invokeBeforeClassMethods(TestMethodWorker.java:176) ~[testng-7.1.0.jar:?]
	at org.testng.internal.TestMethodWorker.run(TestMethodWorker.java:122) ~[testng-7.1.0.jar:?]
	at java.util.ArrayList.forEach(ArrayList.java:1540) [?:?]
	at org.testng.TestRunner.privateRun(TestRunner.java:766) [testng-7.1.0.jar:?]
	at org.testng.TestRunner.run(TestRunner.java:587) [testng-7.1.0.jar:?]
	at org.testng.SuiteRunner.runTest(SuiteRunner.java:384) [testng-7.1.0.jar:?]
	at org.testng.SuiteRunner.runSequentially(SuiteRunner.java:378) [testng-7.1.0.jar:?]
	at org.testng.SuiteRunner.privateRun(SuiteRunner.java:337) [testng-7.1.0.jar:?]
	at org.testng.SuiteRunner.run(SuiteRunner.java:286) [testng-7.1.0.jar:?]
	at org.testng.SuiteRunnerWorker.runSuite(SuiteRunnerWorker.java:53) [testng-7.1.0.jar:?]
	at org.testng.SuiteRunnerWorker.run(SuiteRunnerWorker.java:96) [testng-7.1.0.jar:?]
	at org.testng.TestNG.runSuitesSequentially(TestNG.java:1187) [testng-7.1.0.jar:?]
	at org.testng.TestNG.runSuitesLocally(TestNG.java:1109) [testng-7.1.0.jar:?]
	at org.testng.TestNG.runSuites(TestNG.java:1039) [testng-7.1.0.jar:?]
	at org.testng.TestNG.run(TestNG.java:1007) [testng-7.1.0.jar:?]
	at org.testng.remote.AbstractRemoteTestNG.run(AbstractRemoteTestNG.java:115) [testng-remote.jar:?]
	at org.testng.remote.RemoteTestNG.initAndRun(RemoteTestNG.java:251) [testng-remote.jar:?]
	at org.testng.remote.RemoteTestNG.main(RemoteTestNG.java:77) [testng-remote.jar:?]
15-May-2020 17:44:07.216 [main] WARN  com.appname.testcases.BaseClass - Setting Implicit wait to default value -1 seconds for the execution. Please update the properties file if you want to update this time.
15-May-2020 17:46:28.373 [main] ERROR com.appname.testcases.BaseClass - We fetched an invalid value for 'implicit_wait_time' property. Please provide the valid interger value for this property.
java.lang.NumberFormatException: null
	at java.lang.Integer.parseInt(Integer.java:620) ~[?:?]
	at java.lang.Integer.valueOf(Integer.java:989) ~[?:?]
	at com.appname.testcases.BaseClass.getIntegerPropertyValue(BaseClass.java:173) ~[test-classes/:?]
	at com.appname.testcases.BaseClass.setUp(BaseClass.java:49) ~[test-classes/:?]
	at jdk.internal.reflect.NativeMethodAccessorImpl.invoke0(Native Method) ~[?:?]
	at jdk.internal.reflect.NativeMethodAccessorImpl.invoke(NativeMethodAccessorImpl.java:62) ~[?:?]
	at jdk.internal.reflect.DelegatingMethodAccessorImpl.invoke(DelegatingMethodAccessorImpl.java:43) ~[?:?]
	at java.lang.reflect.Method.invoke(Method.java:567) ~[?:?]
	at org.testng.internal.MethodInvocationHelper.invokeMethod(MethodInvocationHelper.java:134) ~[testng-7.1.0.jar:?]
	at org.testng.internal.MethodInvocationHelper.invokeMethodConsideringTimeout(MethodInvocationHelper.java:63) ~[testng-7.1.0.jar:?]
	at org.testng.internal.ConfigInvoker.invokeConfigurationMethod(ConfigInvoker.java:348) ~[testng-7.1.0.jar:?]
	at org.testng.internal.ConfigInvoker.invokeConfigurations(ConfigInvoker.java:302) ~[testng-7.1.0.jar:?]
	at org.testng.internal.TestMethodWorker.invokeBeforeClassMethods(TestMethodWorker.java:176) ~[testng-7.1.0.jar:?]
	at org.testng.internal.TestMethodWorker.run(TestMethodWorker.java:122) ~[testng-7.1.0.jar:?]
	at java.util.ArrayList.forEach(ArrayList.java:1540) [?:?]
	at org.testng.TestRunner.privateRun(TestRunner.java:766) [testng-7.1.0.jar:?]
	at org.testng.TestRunner.run(TestRunner.java:587) [testng-7.1.0.jar:?]
	at org.testng.SuiteRunner.runTest(SuiteRunner.java:384) [testng-7.1.0.jar:?]
	at org.testng.SuiteRunner.runSequentially(SuiteRunner.java:378) [testng-7.1.0.jar:?]
	at org.testng.SuiteRunner.privateRun(SuiteRunner.java:337) [testng-7.1.0.jar:?]
	at org.testng.SuiteRunner.run(SuiteRunner.java:286) [testng-7.1.0.jar:?]
	at org.testng.SuiteRunnerWorker.runSuite(SuiteRunnerWorker.java:53) [testng-7.1.0.jar:?]
	at org.testng.SuiteRunnerWorker.run(SuiteRunnerWorker.java:96) [testng-7.1.0.jar:?]
	at org.testng.TestNG.runSuitesSequentially(TestNG.java:1187) [testng-7.1.0.jar:?]
	at org.testng.TestNG.runSuitesLocally(TestNG.java:1109) [testng-7.1.0.jar:?]
	at org.testng.TestNG.runSuites(TestNG.java:1039) [testng-7.1.0.jar:?]
	at org.testng.TestNG.run(TestNG.java:1007) [testng-7.1.0.jar:?]
	at org.testng.remote.AbstractRemoteTestNG.run(AbstractRemoteTestNG.java:115) [testng-remote.jar:?]
	at org.testng.remote.RemoteTestNG.initAndRun(RemoteTestNG.java:251) [testng-remote.jar:?]
	at org.testng.remote.RemoteTestNG.main(RemoteTestNG.java:77) [testng-remote.jar:?]
15-May-2020 17:46:28.402 [main] WARN  com.appname.testcases.BaseClass - Setting Implicit wait to default value 5 seconds for the execution. Please update the properties file if you want to update this time.
15-May-2020 17:48:49.669 [main] WARN  com.appname.testcases.BaseClass - Browser value is not given or incorrect in properties file. Please check.
Running on Chrome Browser by default.
15-May-2020 17:48:49.675 [main] DEBUG com.appname.testcases.BaseClass - Fetching the Chrome driver from WebDriverManager.
15-May-2020 17:48:54.247 [main] DEBUG com.appname.testcases.BaseClass - Instantiating the Chrome Driver.

15-May-2020 17:48:56.410 [main] DEBUG com.appname.testcases.BaseClass - The browser window is maximized.
15-May-2020 17:48:56.412 [main] ERROR com.appname.testcases.BaseClass - We fetched an invalid value for 'implicit_wait_time' property. Please provide the valid interger value for this property.
java.lang.NumberFormatException: null
	at java.lang.Integer.parseInt(Integer.java:620) ~[?:?]
	at java.lang.Integer.valueOf(Integer.java:989) ~[?:?]
	at com.appname.testcases.BaseClass.getIntegerPropertyValue(BaseClass.java:174) ~[test-classes/:?]
	at com.appname.testcases.BaseClass.setUp(BaseClass.java:56) ~[test-classes/:?]
	at jdk.internal.reflect.NativeMethodAccessorImpl.invoke0(Native Method) ~[?:?]
	at jdk.internal.reflect.NativeMethodAccessorImpl.invoke(NativeMethodAccessorImpl.java:62) ~[?:?]
	at jdk.internal.reflect.DelegatingMethodAccessorImpl.invoke(DelegatingMethodAccessorImpl.java:43) ~[?:?]
	at java.lang.reflect.Method.invoke(Method.java:567) ~[?:?]
	at org.testng.internal.MethodInvocationHelper.invokeMethod(MethodInvocationHelper.java:134) ~[testng-7.1.0.jar:?]
	at org.testng.internal.MethodInvocationHelper.invokeMethodConsideringTimeout(MethodInvocationHelper.java:63) ~[testng-7.1.0.jar:?]
	at org.testng.internal.ConfigInvoker.invokeConfigurationMethod(ConfigInvoker.java:348) ~[testng-7.1.0.jar:?]
	at org.testng.internal.ConfigInvoker.invokeConfigurations(ConfigInvoker.java:302) ~[testng-7.1.0.jar:?]
	at org.testng.internal.TestMethodWorker.invokeBeforeClassMethods(TestMethodWorker.java:176) ~[testng-7.1.0.jar:?]
	at org.testng.internal.TestMethodWorker.run(TestMethodWorker.java:122) ~[testng-7.1.0.jar:?]
	at java.util.ArrayList.forEach(ArrayList.java:1540) [?:?]
	at org.testng.TestRunner.privateRun(TestRunner.java:766) [testng-7.1.0.jar:?]
	at org.testng.TestRunner.run(TestRunner.java:587) [testng-7.1.0.jar:?]
	at org.testng.SuiteRunner.runTest(SuiteRunner.java:384) [testng-7.1.0.jar:?]
	at org.testng.SuiteRunner.runSequentially(SuiteRunner.java:378) [testng-7.1.0.jar:?]
	at org.testng.SuiteRunner.privateRun(SuiteRunner.java:337) [testng-7.1.0.jar:?]
	at org.testng.SuiteRunner.run(SuiteRunner.java:286) [testng-7.1.0.jar:?]
	at org.testng.SuiteRunnerWorker.runSuite(SuiteRunnerWorker.java:53) [testng-7.1.0.jar:?]
	at org.testng.SuiteRunnerWorker.run(SuiteRunnerWorker.java:96) [testng-7.1.0.jar:?]
	at org.testng.TestNG.runSuitesSequentially(TestNG.java:1187) [testng-7.1.0.jar:?]
	at org.testng.TestNG.runSuitesLocally(TestNG.java:1109) [testng-7.1.0.jar:?]
	at org.testng.TestNG.runSuites(TestNG.java:1039) [testng-7.1.0.jar:?]
	at org.testng.TestNG.run(TestNG.java:1007) [testng-7.1.0.jar:?]
	at org.testng.remote.AbstractRemoteTestNG.run(AbstractRemoteTestNG.java:115) [testng-remote.jar:?]
	at org.testng.remote.RemoteTestNG.initAndRun(RemoteTestNG.java:251) [testng-remote.jar:?]
	at org.testng.remote.RemoteTestNG.main(RemoteTestNG.java:77) [testng-remote.jar:?]
15-May-2020 17:48:56.441 [main] WARN  com.appname.testcases.BaseClass - Setting Implicit wait to default value -1 seconds for the execution. Please update the properties file if you want to update this time.
15-May-2020 17:49:53.852 [main] WARN  com.appname.testcases.BaseClass - Browser value is not given or incorrect in properties file. Please check.
Running on Chrome Browser by default.
15-May-2020 17:49:53.858 [main] DEBUG com.appname.testcases.BaseClass - Fetching the Chrome driver from WebDriverManager.
15-May-2020 17:49:58.530 [main] DEBUG com.appname.testcases.BaseClass - Instantiating the Chrome Driver.

15-May-2020 17:50:00.670 [main] DEBUG com.appname.testcases.BaseClass - The browser window is maximized.
15-May-2020 17:50:00.671 [main] ERROR com.appname.testcases.BaseClass - We fetched an invalid value for 'implicit_wait_time' property. Please provide the valid interger value for this property.
java.lang.NumberFormatException: null
	at java.lang.Integer.parseInt(Integer.java:620) ~[?:?]
	at java.lang.Integer.valueOf(Integer.java:989) ~[?:?]
	at com.appname.testcases.BaseClass.getIntegerPropertyValue(BaseClass.java:174) ~[test-classes/:?]
	at com.appname.testcases.BaseClass.setUp(BaseClass.java:56) ~[test-classes/:?]
	at jdk.internal.reflect.NativeMethodAccessorImpl.invoke0(Native Method) ~[?:?]
	at jdk.internal.reflect.NativeMethodAccessorImpl.invoke(NativeMethodAccessorImpl.java:62) ~[?:?]
	at jdk.internal.reflect.DelegatingMethodAccessorImpl.invoke(DelegatingMethodAccessorImpl.java:43) ~[?:?]
	at java.lang.reflect.Method.invoke(Method.java:567) ~[?:?]
	at org.testng.internal.MethodInvocationHelper.invokeMethod(MethodInvocationHelper.java:134) ~[testng-7.1.0.jar:?]
	at org.testng.internal.MethodInvocationHelper.invokeMethodConsideringTimeout(MethodInvocationHelper.java:63) ~[testng-7.1.0.jar:?]
	at org.testng.internal.ConfigInvoker.invokeConfigurationMethod(ConfigInvoker.java:348) ~[testng-7.1.0.jar:?]
	at org.testng.internal.ConfigInvoker.invokeConfigurations(ConfigInvoker.java:302) ~[testng-7.1.0.jar:?]
	at org.testng.internal.TestMethodWorker.invokeBeforeClassMethods(TestMethodWorker.java:176) ~[testng-7.1.0.jar:?]
	at org.testng.internal.TestMethodWorker.run(TestMethodWorker.java:122) ~[testng-7.1.0.jar:?]
	at java.util.ArrayList.forEach(ArrayList.java:1540) [?:?]
	at org.testng.TestRunner.privateRun(TestRunner.java:766) [testng-7.1.0.jar:?]
	at org.testng.TestRunner.run(TestRunner.java:587) [testng-7.1.0.jar:?]
	at org.testng.SuiteRunner.runTest(SuiteRunner.java:384) [testng-7.1.0.jar:?]
	at org.testng.SuiteRunner.runSequentially(SuiteRunner.java:378) [testng-7.1.0.jar:?]
	at org.testng.SuiteRunner.privateRun(SuiteRunner.java:337) [testng-7.1.0.jar:?]
	at org.testng.SuiteRunner.run(SuiteRunner.java:286) [testng-7.1.0.jar:?]
	at org.testng.SuiteRunnerWorker.runSuite(SuiteRunnerWorker.java:53) [testng-7.1.0.jar:?]
	at org.testng.SuiteRunnerWorker.run(SuiteRunnerWorker.java:96) [testng-7.1.0.jar:?]
	at org.testng.TestNG.runSuitesSequentially(TestNG.java:1187) [testng-7.1.0.jar:?]
	at org.testng.TestNG.runSuitesLocally(TestNG.java:1109) [testng-7.1.0.jar:?]
	at org.testng.TestNG.runSuites(TestNG.java:1039) [testng-7.1.0.jar:?]
	at org.testng.TestNG.run(TestNG.java:1007) [testng-7.1.0.jar:?]
	at org.testng.remote.AbstractRemoteTestNG.run(AbstractRemoteTestNG.java:115) [testng-remote.jar:?]
	at org.testng.remote.RemoteTestNG.initAndRun(RemoteTestNG.java:251) [testng-remote.jar:?]
	at org.testng.remote.RemoteTestNG.main(RemoteTestNG.java:77) [testng-remote.jar:?]
15-May-2020 17:50:00.681 [main] WARN  com.appname.testcases.BaseClass - Setting Implicit wait to default value 5 seconds for the execution. Please update the properties file if you want to update this time.
15-May-2020 17:50:00.688 [main] ERROR com.appname.testcases.BaseClass - We fetched an invalid value for 'explicit_wait_time' property. Please provide the valid interger value for this property.
java.lang.NumberFormatException: null
	at java.lang.Integer.parseInt(Integer.java:620) ~[?:?]
	at java.lang.Integer.valueOf(Integer.java:989) ~[?:?]
	at com.appname.testcases.BaseClass.getIntegerPropertyValue(BaseClass.java:174) ~[test-classes/:?]
	at com.appname.testcases.BaseClass.setUp(BaseClass.java:67) ~[test-classes/:?]
	at jdk.internal.reflect.NativeMethodAccessorImpl.invoke0(Native Method) ~[?:?]
	at jdk.internal.reflect.NativeMethodAccessorImpl.invoke(NativeMethodAccessorImpl.java:62) ~[?:?]
	at jdk.internal.reflect.DelegatingMethodAccessorImpl.invoke(DelegatingMethodAccessorImpl.java:43) ~[?:?]
	at java.lang.reflect.Method.invoke(Method.java:567) ~[?:?]
	at org.testng.internal.MethodInvocationHelper.invokeMethod(MethodInvocationHelper.java:134) ~[testng-7.1.0.jar:?]
	at org.testng.internal.MethodInvocationHelper.invokeMethodConsideringTimeout(MethodInvocationHelper.java:63) ~[testng-7.1.0.jar:?]
	at org.testng.internal.ConfigInvoker.invokeConfigurationMethod(ConfigInvoker.java:348) ~[testng-7.1.0.jar:?]
	at org.testng.internal.ConfigInvoker.invokeConfigurations(ConfigInvoker.java:302) ~[testng-7.1.0.jar:?]
	at org.testng.internal.TestMethodWorker.invokeBeforeClassMethods(TestMethodWorker.java:176) ~[testng-7.1.0.jar:?]
	at org.testng.internal.TestMethodWorker.run(TestMethodWorker.java:122) ~[testng-7.1.0.jar:?]
	at java.util.ArrayList.forEach(ArrayList.java:1540) [?:?]
	at org.testng.TestRunner.privateRun(TestRunner.java:766) [testng-7.1.0.jar:?]
	at org.testng.TestRunner.run(TestRunner.java:587) [testng-7.1.0.jar:?]
	at org.testng.SuiteRunner.runTest(SuiteRunner.java:384) [testng-7.1.0.jar:?]
	at org.testng.SuiteRunner.runSequentially(SuiteRunner.java:378) [testng-7.1.0.jar:?]
	at org.testng.SuiteRunner.privateRun(SuiteRunner.java:337) [testng-7.1.0.jar:?]
	at org.testng.SuiteRunner.run(SuiteRunner.java:286) [testng-7.1.0.jar:?]
	at org.testng.SuiteRunnerWorker.runSuite(SuiteRunnerWorker.java:53) [testng-7.1.0.jar:?]
	at org.testng.SuiteRunnerWorker.run(SuiteRunnerWorker.java:96) [testng-7.1.0.jar:?]
	at org.testng.TestNG.runSuitesSequentially(TestNG.java:1187) [testng-7.1.0.jar:?]
	at org.testng.TestNG.runSuitesLocally(TestNG.java:1109) [testng-7.1.0.jar:?]
	at org.testng.TestNG.runSuites(TestNG.java:1039) [testng-7.1.0.jar:?]
	at org.testng.TestNG.run(TestNG.java:1007) [testng-7.1.0.jar:?]
	at org.testng.remote.AbstractRemoteTestNG.run(AbstractRemoteTestNG.java:115) [testng-remote.jar:?]
	at org.testng.remote.RemoteTestNG.initAndRun(RemoteTestNG.java:251) [testng-remote.jar:?]
	at org.testng.remote.RemoteTestNG.main(RemoteTestNG.java:77) [testng-remote.jar:?]
15-May-2020 17:50:00.689 [main] WARN  com.appname.testcases.BaseClass - Setting Explicit wait to default value 10 seconds for the execution. Please update the properties file if you want to update this time.
15-May-2020 17:50:00.694 [main] DEBUG com.appname.testcases.BaseClass - 'https://www.google.co.in/' value is fetched for property 'application_url'.
15-May-2020 17:50:00.695 [main] DEBUG com.appname.testcases.BaseClass - 'akansh.jha@gmail.com' value is fetched for property 'userName'.
15-May-2020 17:50:00.695 [main] DEBUG com.appname.testcases.BaseClass - 'randomPass' value is fetched for property 'password'.
15-May-2020 17:50:03.570 [main] DEBUG com.appname.testcases.SampleClass - Test Case has been executed successfully.
15-May-2020 17:50:05.582 [main] DEBUG com.appname.testcases.BaseClass - Tearing Down the Class.
15-May-2020 17:50:05.582 [main] DEBUG com.appname.testcases.BaseClass - Closing all the opened browsers.
15-May-2020 17:55:03.632 [main] WARN  com.appname.testcases.BaseClass - Browser value is not given or incorrect in properties file. Please check.
Running on Chrome Browser by default.
15-May-2020 17:55:03.640 [main] DEBUG com.appname.testcases.BaseClass - Fetching the Chrome driver from WebDriverManager.
15-May-2020 17:55:08.343 [main] DEBUG com.appname.testcases.BaseClass - Instantiating the Chrome Driver.

15-May-2020 17:55:10.503 [main] DEBUG com.appname.testcases.BaseClass - The browser window is maximized.
15-May-2020 17:55:10.504 [main] DEBUG com.appname.testcases.BaseClass - '5' value is fetched for property 'implicit_wait_time'. Please check both the Property Name and its value are correct.
15-May-2020 17:55:10.505 [main] DEBUG com.appname.testcases.BaseClass - Setting Implicit wait to 5 seconds for the execution.
15-May-2020 17:55:10.517 [main] DEBUG com.appname.testcases.BaseClass - '10' value is fetched for property 'explicit_wait_time'. Please check both the Property Name and its value are correct.
15-May-2020 17:55:10.518 [main] DEBUG com.appname.testcases.BaseClass - Setting Explicit wait to 10 seconds for the execution.
15-May-2020 17:55:10.528 [main] DEBUG com.appname.testcases.BaseClass - 'https://www.google.co.in/' value is fetched for property 'application_url'.
15-May-2020 17:55:10.529 [main] DEBUG com.appname.testcases.BaseClass - 'akansh.jha@gmail.com' value is fetched for property 'userName'.
15-May-2020 17:55:10.530 [main] DEBUG com.appname.testcases.BaseClass - 'randomPass' value is fetched for property 'password'.
15-May-2020 17:55:12.317 [main] DEBUG com.appname.testcases.SampleClass - Test Case has been executed successfully.
15-May-2020 17:55:14.324 [main] DEBUG com.appname.testcases.BaseClass - Tearing Down the Class.
15-May-2020 17:55:14.324 [main] DEBUG com.appname.testcases.BaseClass - Closing all the opened browsers.
15-May-2020 17:58:18.665 [main] DEBUG com.appname.testcases.BaseClass - Fetching the Chrome driver from WebDriverManager.
15-May-2020 17:58:23.503 [main] DEBUG com.appname.testcases.BaseClass - Instantiating the Chrome Driver.
15-May-2020 17:58:25.662 [main] DEBUG com.appname.testcases.BaseClass - The browser window is maximized.
15-May-2020 17:58:25.663 [main] ERROR com.appname.testcases.BaseClass - We fetched an invalid value for 'implicit_wait_time' property. Please provide the valid interger value for this property. Please check both the Property Name and its value are correct.
java.lang.NumberFormatException: For input string: ""
	at java.lang.NumberFormatException.forInputString(NumberFormatException.java:68) ~[?:?]
	at java.lang.Integer.parseInt(Integer.java:668) ~[?:?]
	at java.lang.Integer.valueOf(Integer.java:989) ~[?:?]
	at com.appname.testcases.BaseClass.getIntegerPropertyValue(BaseClass.java:174) ~[test-classes/:?]
	at com.appname.testcases.BaseClass.setUp(BaseClass.java:56) ~[test-classes/:?]
	at jdk.internal.reflect.NativeMethodAccessorImpl.invoke0(Native Method) ~[?:?]
	at jdk.internal.reflect.NativeMethodAccessorImpl.invoke(NativeMethodAccessorImpl.java:62) ~[?:?]
	at jdk.internal.reflect.DelegatingMethodAccessorImpl.invoke(DelegatingMethodAccessorImpl.java:43) ~[?:?]
	at java.lang.reflect.Method.invoke(Method.java:567) ~[?:?]
	at org.testng.internal.MethodInvocationHelper.invokeMethod(MethodInvocationHelper.java:134) ~[testng-7.1.0.jar:?]
	at org.testng.internal.MethodInvocationHelper.invokeMethodConsideringTimeout(MethodInvocationHelper.java:63) ~[testng-7.1.0.jar:?]
	at org.testng.internal.ConfigInvoker.invokeConfigurationMethod(ConfigInvoker.java:348) ~[testng-7.1.0.jar:?]
	at org.testng.internal.ConfigInvoker.invokeConfigurations(ConfigInvoker.java:302) ~[testng-7.1.0.jar:?]
	at org.testng.internal.TestMethodWorker.invokeBeforeClassMethods(TestMethodWorker.java:176) ~[testng-7.1.0.jar:?]
	at org.testng.internal.TestMethodWorker.run(TestMethodWorker.java:122) ~[testng-7.1.0.jar:?]
	at java.util.ArrayList.forEach(ArrayList.java:1540) [?:?]
	at org.testng.TestRunner.privateRun(TestRunner.java:766) [testng-7.1.0.jar:?]
	at org.testng.TestRunner.run(TestRunner.java:587) [testng-7.1.0.jar:?]
	at org.testng.SuiteRunner.runTest(SuiteRunner.java:384) [testng-7.1.0.jar:?]
	at org.testng.SuiteRunner.runSequentially(SuiteRunner.java:378) [testng-7.1.0.jar:?]
	at org.testng.SuiteRunner.privateRun(SuiteRunner.java:337) [testng-7.1.0.jar:?]
	at org.testng.SuiteRunner.run(SuiteRunner.java:286) [testng-7.1.0.jar:?]
	at org.testng.SuiteRunnerWorker.runSuite(SuiteRunnerWorker.java:53) [testng-7.1.0.jar:?]
	at org.testng.SuiteRunnerWorker.run(SuiteRunnerWorker.java:96) [testng-7.1.0.jar:?]
	at org.testng.TestNG.runSuitesSequentially(TestNG.java:1187) [testng-7.1.0.jar:?]
	at org.testng.TestNG.runSuitesLocally(TestNG.java:1109) [testng-7.1.0.jar:?]
	at org.testng.TestNG.runSuites(TestNG.java:1039) [testng-7.1.0.jar:?]
	at org.testng.TestNG.run(TestNG.java:1007) [testng-7.1.0.jar:?]
	at org.testng.remote.AbstractRemoteTestNG.run(AbstractRemoteTestNG.java:115) [testng-remote.jar:?]
	at org.testng.remote.RemoteTestNG.initAndRun(RemoteTestNG.java:251) [testng-remote.jar:?]
	at org.testng.remote.RemoteTestNG.main(RemoteTestNG.java:77) [testng-remote.jar:?]
15-May-2020 17:58:25.675 [main] WARN  com.appname.testcases.BaseClass - Setting Implicit wait to default value 5 seconds for the execution. Please update the properties file if you want to update this time.
15-May-2020 17:58:25.684 [main] ERROR com.appname.testcases.BaseClass - We fetched an invalid value for 'explicit_wait_time' property. Please provide the valid interger value for this property. Please check both the Property Name and its value are correct.
java.lang.NumberFormatException: For input string: ""
	at java.lang.NumberFormatException.forInputString(NumberFormatException.java:68) ~[?:?]
	at java.lang.Integer.parseInt(Integer.java:668) ~[?:?]
	at java.lang.Integer.valueOf(Integer.java:989) ~[?:?]
	at com.appname.testcases.BaseClass.getIntegerPropertyValue(BaseClass.java:174) ~[test-classes/:?]
	at com.appname.testcases.BaseClass.setUp(BaseClass.java:67) ~[test-classes/:?]
	at jdk.internal.reflect.NativeMethodAccessorImpl.invoke0(Native Method) ~[?:?]
	at jdk.internal.reflect.NativeMethodAccessorImpl.invoke(NativeMethodAccessorImpl.java:62) ~[?:?]
	at jdk.internal.reflect.DelegatingMethodAccessorImpl.invoke(DelegatingMethodAccessorImpl.java:43) ~[?:?]
	at java.lang.reflect.Method.invoke(Method.java:567) ~[?:?]
	at org.testng.internal.MethodInvocationHelper.invokeMethod(MethodInvocationHelper.java:134) ~[testng-7.1.0.jar:?]
	at org.testng.internal.MethodInvocationHelper.invokeMethodConsideringTimeout(MethodInvocationHelper.java:63) ~[testng-7.1.0.jar:?]
	at org.testng.internal.ConfigInvoker.invokeConfigurationMethod(ConfigInvoker.java:348) ~[testng-7.1.0.jar:?]
	at org.testng.internal.ConfigInvoker.invokeConfigurations(ConfigInvoker.java:302) ~[testng-7.1.0.jar:?]
	at org.testng.internal.TestMethodWorker.invokeBeforeClassMethods(TestMethodWorker.java:176) ~[testng-7.1.0.jar:?]
	at org.testng.internal.TestMethodWorker.run(TestMethodWorker.java:122) ~[testng-7.1.0.jar:?]
	at java.util.ArrayList.forEach(ArrayList.java:1540) [?:?]
	at org.testng.TestRunner.privateRun(TestRunner.java:766) [testng-7.1.0.jar:?]
	at org.testng.TestRunner.run(TestRunner.java:587) [testng-7.1.0.jar:?]
	at org.testng.SuiteRunner.runTest(SuiteRunner.java:384) [testng-7.1.0.jar:?]
	at org.testng.SuiteRunner.runSequentially(SuiteRunner.java:378) [testng-7.1.0.jar:?]
	at org.testng.SuiteRunner.privateRun(SuiteRunner.java:337) [testng-7.1.0.jar:?]
	at org.testng.SuiteRunner.run(SuiteRunner.java:286) [testng-7.1.0.jar:?]
	at org.testng.SuiteRunnerWorker.runSuite(SuiteRunnerWorker.java:53) [testng-7.1.0.jar:?]
	at org.testng.SuiteRunnerWorker.run(SuiteRunnerWorker.java:96) [testng-7.1.0.jar:?]
	at org.testng.TestNG.runSuitesSequentially(TestNG.java:1187) [testng-7.1.0.jar:?]
	at org.testng.TestNG.runSuitesLocally(TestNG.java:1109) [testng-7.1.0.jar:?]
	at org.testng.TestNG.runSuites(TestNG.java:1039) [testng-7.1.0.jar:?]
	at org.testng.TestNG.run(TestNG.java:1007) [testng-7.1.0.jar:?]
	at org.testng.remote.AbstractRemoteTestNG.run(AbstractRemoteTestNG.java:115) [testng-remote.jar:?]
	at org.testng.remote.RemoteTestNG.initAndRun(RemoteTestNG.java:251) [testng-remote.jar:?]
	at org.testng.remote.RemoteTestNG.main(RemoteTestNG.java:77) [testng-remote.jar:?]
15-May-2020 17:58:25.686 [main] WARN  com.appname.testcases.BaseClass - Setting Explicit wait to default value 10 seconds for the execution. Please update the properties file if you want to update this time.
15-May-2020 17:58:25.692 [main] DEBUG com.appname.testcases.BaseClass - 'https://www.google.co.in/' value is fetched for property 'application_url'.
15-May-2020 17:58:25.692 [main] DEBUG com.appname.testcases.BaseClass - 'akansh.jha@gmail.com' value is fetched for property 'userName'.
15-May-2020 17:58:25.693 [main] DEBUG com.appname.testcases.BaseClass - 'randomPass' value is fetched for property 'password'.
15-May-2020 17:58:27.583 [main] DEBUG com.appname.testcases.SampleClass - Test Case has been executed successfully.
15-May-2020 17:58:29.591 [main] DEBUG com.appname.testcases.BaseClass - Tearing Down the Class.
15-May-2020 17:58:29.591 [main] DEBUG com.appname.testcases.BaseClass - Closing all the opened browsers.
15-May-2020 18:02:25.323 [main] DEBUG com.appname.testcases.BaseClass - Fetching the Chrome driver from WebDriverManager.
15-May-2020 18:02:29.854 [main] DEBUG com.appname.testcases.BaseClass - Instantiating the Chrome Driver.
15-May-2020 18:02:32.014 [main] DEBUG com.appname.testcases.BaseClass - The browser window is maximized.
15-May-2020 18:02:32.015 [main] ERROR com.appname.testcases.BaseClass - We fetched an invalid value for 'implicit_wait_time' property. Please provide the valid integer value for this property. Please check both the Property Name and its value are correct.
java.lang.NumberFormatException: For input string: ""
	at java.lang.NumberFormatException.forInputString(NumberFormatException.java:68) ~[?:?]
	at java.lang.Integer.parseInt(Integer.java:668) ~[?:?]
	at java.lang.Integer.valueOf(Integer.java:989) ~[?:?]
	at com.appname.testcases.BaseClass.getIntegerPropertyValue(BaseClass.java:174) ~[test-classes/:?]
	at com.appname.testcases.BaseClass.setUp(BaseClass.java:56) ~[test-classes/:?]
	at jdk.internal.reflect.NativeMethodAccessorImpl.invoke0(Native Method) ~[?:?]
	at jdk.internal.reflect.NativeMethodAccessorImpl.invoke(NativeMethodAccessorImpl.java:62) ~[?:?]
	at jdk.internal.reflect.DelegatingMethodAccessorImpl.invoke(DelegatingMethodAccessorImpl.java:43) ~[?:?]
	at java.lang.reflect.Method.invoke(Method.java:567) ~[?:?]
	at org.testng.internal.MethodInvocationHelper.invokeMethod(MethodInvocationHelper.java:134) ~[testng-7.1.0.jar:?]
	at org.testng.internal.MethodInvocationHelper.invokeMethodConsideringTimeout(MethodInvocationHelper.java:63) ~[testng-7.1.0.jar:?]
	at org.testng.internal.ConfigInvoker.invokeConfigurationMethod(ConfigInvoker.java:348) ~[testng-7.1.0.jar:?]
	at org.testng.internal.ConfigInvoker.invokeConfigurations(ConfigInvoker.java:302) ~[testng-7.1.0.jar:?]
	at org.testng.internal.TestMethodWorker.invokeBeforeClassMethods(TestMethodWorker.java:176) ~[testng-7.1.0.jar:?]
	at org.testng.internal.TestMethodWorker.run(TestMethodWorker.java:122) ~[testng-7.1.0.jar:?]
	at java.util.ArrayList.forEach(ArrayList.java:1540) [?:?]
	at org.testng.TestRunner.privateRun(TestRunner.java:766) [testng-7.1.0.jar:?]
	at org.testng.TestRunner.run(TestRunner.java:587) [testng-7.1.0.jar:?]
	at org.testng.SuiteRunner.runTest(SuiteRunner.java:384) [testng-7.1.0.jar:?]
	at org.testng.SuiteRunner.runSequentially(SuiteRunner.java:378) [testng-7.1.0.jar:?]
	at org.testng.SuiteRunner.privateRun(SuiteRunner.java:337) [testng-7.1.0.jar:?]
	at org.testng.SuiteRunner.run(SuiteRunner.java:286) [testng-7.1.0.jar:?]
	at org.testng.SuiteRunnerWorker.runSuite(SuiteRunnerWorker.java:53) [testng-7.1.0.jar:?]
	at org.testng.SuiteRunnerWorker.run(SuiteRunnerWorker.java:96) [testng-7.1.0.jar:?]
	at org.testng.TestNG.runSuitesSequentially(TestNG.java:1187) [testng-7.1.0.jar:?]
	at org.testng.TestNG.runSuitesLocally(TestNG.java:1109) [testng-7.1.0.jar:?]
	at org.testng.TestNG.runSuites(TestNG.java:1039) [testng-7.1.0.jar:?]
	at org.testng.TestNG.run(TestNG.java:1007) [testng-7.1.0.jar:?]
	at org.testng.remote.AbstractRemoteTestNG.run(AbstractRemoteTestNG.java:115) [testng-remote.jar:?]
	at org.testng.remote.RemoteTestNG.initAndRun(RemoteTestNG.java:251) [testng-remote.jar:?]
	at org.testng.remote.RemoteTestNG.main(RemoteTestNG.java:77) [testng-remote.jar:?]
15-May-2020 18:02:32.044 [main] WARN  com.appname.testcases.BaseClass - Setting Implicit wait to default value 5 seconds for the execution. Please update the properties file if you want to update this time.
15-May-2020 18:02:32.057 [main] ERROR com.appname.testcases.BaseClass - We fetched an invalid value for 'explicit_wait_time' property. Please provide the valid integer value for this property. Please check both the Property Name and its value are correct.
java.lang.NumberFormatException: For input string: ""
	at java.lang.NumberFormatException.forInputString(NumberFormatException.java:68) ~[?:?]
	at java.lang.Integer.parseInt(Integer.java:668) ~[?:?]
	at java.lang.Integer.valueOf(Integer.java:989) ~[?:?]
	at com.appname.testcases.BaseClass.getIntegerPropertyValue(BaseClass.java:174) ~[test-classes/:?]
	at com.appname.testcases.BaseClass.setUp(BaseClass.java:67) ~[test-classes/:?]
	at jdk.internal.reflect.NativeMethodAccessorImpl.invoke0(Native Method) ~[?:?]
	at jdk.internal.reflect.NativeMethodAccessorImpl.invoke(NativeMethodAccessorImpl.java:62) ~[?:?]
	at jdk.internal.reflect.DelegatingMethodAccessorImpl.invoke(DelegatingMethodAccessorImpl.java:43) ~[?:?]
	at java.lang.reflect.Method.invoke(Method.java:567) ~[?:?]
	at org.testng.internal.MethodInvocationHelper.invokeMethod(MethodInvocationHelper.java:134) ~[testng-7.1.0.jar:?]
	at org.testng.internal.MethodInvocationHelper.invokeMethodConsideringTimeout(MethodInvocationHelper.java:63) ~[testng-7.1.0.jar:?]
	at org.testng.internal.ConfigInvoker.invokeConfigurationMethod(ConfigInvoker.java:348) ~[testng-7.1.0.jar:?]
	at org.testng.internal.ConfigInvoker.invokeConfigurations(ConfigInvoker.java:302) ~[testng-7.1.0.jar:?]
	at org.testng.internal.TestMethodWorker.invokeBeforeClassMethods(TestMethodWorker.java:176) ~[testng-7.1.0.jar:?]
	at org.testng.internal.TestMethodWorker.run(TestMethodWorker.java:122) ~[testng-7.1.0.jar:?]
	at java.util.ArrayList.forEach(ArrayList.java:1540) [?:?]
	at org.testng.TestRunner.privateRun(TestRunner.java:766) [testng-7.1.0.jar:?]
	at org.testng.TestRunner.run(TestRunner.java:587) [testng-7.1.0.jar:?]
	at org.testng.SuiteRunner.runTest(SuiteRunner.java:384) [testng-7.1.0.jar:?]
	at org.testng.SuiteRunner.runSequentially(SuiteRunner.java:378) [testng-7.1.0.jar:?]
	at org.testng.SuiteRunner.privateRun(SuiteRunner.java:337) [testng-7.1.0.jar:?]
	at org.testng.SuiteRunner.run(SuiteRunner.java:286) [testng-7.1.0.jar:?]
	at org.testng.SuiteRunnerWorker.runSuite(SuiteRunnerWorker.java:53) [testng-7.1.0.jar:?]
	at org.testng.SuiteRunnerWorker.run(SuiteRunnerWorker.java:96) [testng-7.1.0.jar:?]
	at org.testng.TestNG.runSuitesSequentially(TestNG.java:1187) [testng-7.1.0.jar:?]
	at org.testng.TestNG.runSuitesLocally(TestNG.java:1109) [testng-7.1.0.jar:?]
	at org.testng.TestNG.runSuites(TestNG.java:1039) [testng-7.1.0.jar:?]
	at org.testng.TestNG.run(TestNG.java:1007) [testng-7.1.0.jar:?]
	at org.testng.remote.AbstractRemoteTestNG.run(AbstractRemoteTestNG.java:115) [testng-remote.jar:?]
	at org.testng.remote.RemoteTestNG.initAndRun(RemoteTestNG.java:251) [testng-remote.jar:?]
	at org.testng.remote.RemoteTestNG.main(RemoteTestNG.java:77) [testng-remote.jar:?]
15-May-2020 18:02:32.059 [main] WARN  com.appname.testcases.BaseClass - Setting Explicit wait to default value 10 seconds for the execution. Please update the properties file if you want to update this time.
15-May-2020 18:02:32.063 [main] DEBUG com.appname.testcases.BaseClass - 'https://www.google.co.in/' value is fetched for property 'application_url'.
15-May-2020 18:02:32.064 [main] DEBUG com.appname.testcases.BaseClass - 'akansh.jha@gmail.com' value is fetched for property 'userName'.
15-May-2020 18:02:32.064 [main] DEBUG com.appname.testcases.BaseClass - 'randomPass' value is fetched for property 'password'.
15-May-2020 18:02:34.239 [main] DEBUG com.appname.testcases.SampleClass - Test Case has been executed successfully.
15-May-2020 18:02:36.324 [main] DEBUG com.appname.testcases.BaseClass - Tearing Down the Class.
15-May-2020 18:02:36.324 [main] DEBUG com.appname.testcases.BaseClass - Closing all the opened browsers.
15-May-2020 18:03:43.656 [main] DEBUG com.appname.testcases.BaseClass - Fetching the Chrome driver from WebDriverManager.
15-May-2020 18:03:48.329 [main] DEBUG com.appname.testcases.BaseClass - Instantiating the Chrome Driver.
15-May-2020 18:03:50.454 [main] DEBUG com.appname.testcases.BaseClass - The browser window is maximized.
15-May-2020 18:03:50.455 [main] ERROR com.appname.testcases.BaseClass - We fetched an invalid value for 'implicit_wait_time' property. Please provide the valid integer value for this property. Please check both the Property Name and its value are correct.
java.lang.NumberFormatException: For input string: ""
	at java.lang.NumberFormatException.forInputString(NumberFormatException.java:68) ~[?:?]
	at java.lang.Integer.parseInt(Integer.java:668) ~[?:?]
	at java.lang.Integer.valueOf(Integer.java:989) ~[?:?]
	at com.appname.testcases.BaseClass.getIntegerPropertyValue(BaseClass.java:174) ~[test-classes/:?]
	at com.appname.testcases.BaseClass.setUp(BaseClass.java:56) ~[test-classes/:?]
	at jdk.internal.reflect.NativeMethodAccessorImpl.invoke0(Native Method) ~[?:?]
	at jdk.internal.reflect.NativeMethodAccessorImpl.invoke(NativeMethodAccessorImpl.java:62) ~[?:?]
	at jdk.internal.reflect.DelegatingMethodAccessorImpl.invoke(DelegatingMethodAccessorImpl.java:43) ~[?:?]
	at java.lang.reflect.Method.invoke(Method.java:567) ~[?:?]
	at org.testng.internal.MethodInvocationHelper.invokeMethod(MethodInvocationHelper.java:134) ~[testng-7.1.0.jar:?]
	at org.testng.internal.MethodInvocationHelper.invokeMethodConsideringTimeout(MethodInvocationHelper.java:63) ~[testng-7.1.0.jar:?]
	at org.testng.internal.ConfigInvoker.invokeConfigurationMethod(ConfigInvoker.java:348) ~[testng-7.1.0.jar:?]
	at org.testng.internal.ConfigInvoker.invokeConfigurations(ConfigInvoker.java:302) ~[testng-7.1.0.jar:?]
	at org.testng.internal.TestMethodWorker.invokeBeforeClassMethods(TestMethodWorker.java:176) ~[testng-7.1.0.jar:?]
	at org.testng.internal.TestMethodWorker.run(TestMethodWorker.java:122) ~[testng-7.1.0.jar:?]
	at java.util.ArrayList.forEach(ArrayList.java:1540) [?:?]
	at org.testng.TestRunner.privateRun(TestRunner.java:766) [testng-7.1.0.jar:?]
	at org.testng.TestRunner.run(TestRunner.java:587) [testng-7.1.0.jar:?]
	at org.testng.SuiteRunner.runTest(SuiteRunner.java:384) [testng-7.1.0.jar:?]
	at org.testng.SuiteRunner.runSequentially(SuiteRunner.java:378) [testng-7.1.0.jar:?]
	at org.testng.SuiteRunner.privateRun(SuiteRunner.java:337) [testng-7.1.0.jar:?]
	at org.testng.SuiteRunner.run(SuiteRunner.java:286) [testng-7.1.0.jar:?]
	at org.testng.SuiteRunnerWorker.runSuite(SuiteRunnerWorker.java:53) [testng-7.1.0.jar:?]
	at org.testng.SuiteRunnerWorker.run(SuiteRunnerWorker.java:96) [testng-7.1.0.jar:?]
	at org.testng.TestNG.runSuitesSequentially(TestNG.java:1187) [testng-7.1.0.jar:?]
	at org.testng.TestNG.runSuitesLocally(TestNG.java:1109) [testng-7.1.0.jar:?]
	at org.testng.TestNG.runSuites(TestNG.java:1039) [testng-7.1.0.jar:?]
	at org.testng.TestNG.run(TestNG.java:1007) [testng-7.1.0.jar:?]
	at org.apache.maven.surefire.testng.TestNGExecutor.run(TestNGExecutor.java:283) [surefire-testng-3.0.0-M4.jar:3.0.0-M4]
	at org.apache.maven.surefire.testng.TestNGXmlTestSuite.execute(TestNGXmlTestSuite.java:75) [surefire-testng-3.0.0-M4.jar:3.0.0-M4]
	at org.apache.maven.surefire.testng.TestNGProvider.invoke(TestNGProvider.java:120) [surefire-testng-3.0.0-M4.jar:3.0.0-M4]
	at org.apache.maven.surefire.booter.ForkedBooter.runSuitesInProcess(ForkedBooter.java:377) [surefire-booter-3.0.0-M4.jar:3.0.0-M4]
	at org.apache.maven.surefire.booter.ForkedBooter.execute(ForkedBooter.java:138) [surefire-booter-3.0.0-M4.jar:3.0.0-M4]
	at org.apache.maven.surefire.booter.ForkedBooter.run(ForkedBooter.java:465) [surefire-booter-3.0.0-M4.jar:3.0.0-M4]
	at org.apache.maven.surefire.booter.ForkedBooter.main(ForkedBooter.java:451) [surefire-booter-3.0.0-M4.jar:3.0.0-M4]
15-May-2020 18:03:50.467 [main] WARN  com.appname.testcases.BaseClass - Setting Implicit wait to default value 5 seconds for the execution. Please update the properties file if you want to update this time.
15-May-2020 18:03:50.475 [main] ERROR com.appname.testcases.BaseClass - We fetched an invalid value for 'explicit_wait_time' property. Please provide the valid integer value for this property. Please check both the Property Name and its value are correct.
java.lang.NumberFormatException: For input string: ""
	at java.lang.NumberFormatException.forInputString(NumberFormatException.java:68) ~[?:?]
	at java.lang.Integer.parseInt(Integer.java:668) ~[?:?]
	at java.lang.Integer.valueOf(Integer.java:989) ~[?:?]
	at com.appname.testcases.BaseClass.getIntegerPropertyValue(BaseClass.java:174) ~[test-classes/:?]
	at com.appname.testcases.BaseClass.setUp(BaseClass.java:67) ~[test-classes/:?]
	at jdk.internal.reflect.NativeMethodAccessorImpl.invoke0(Native Method) ~[?:?]
	at jdk.internal.reflect.NativeMethodAccessorImpl.invoke(NativeMethodAccessorImpl.java:62) ~[?:?]
	at jdk.internal.reflect.DelegatingMethodAccessorImpl.invoke(DelegatingMethodAccessorImpl.java:43) ~[?:?]
	at java.lang.reflect.Method.invoke(Method.java:567) ~[?:?]
	at org.testng.internal.MethodInvocationHelper.invokeMethod(MethodInvocationHelper.java:134) ~[testng-7.1.0.jar:?]
	at org.testng.internal.MethodInvocationHelper.invokeMethodConsideringTimeout(MethodInvocationHelper.java:63) ~[testng-7.1.0.jar:?]
	at org.testng.internal.ConfigInvoker.invokeConfigurationMethod(ConfigInvoker.java:348) ~[testng-7.1.0.jar:?]
	at org.testng.internal.ConfigInvoker.invokeConfigurations(ConfigInvoker.java:302) ~[testng-7.1.0.jar:?]
	at org.testng.internal.TestMethodWorker.invokeBeforeClassMethods(TestMethodWorker.java:176) ~[testng-7.1.0.jar:?]
	at org.testng.internal.TestMethodWorker.run(TestMethodWorker.java:122) ~[testng-7.1.0.jar:?]
	at java.util.ArrayList.forEach(ArrayList.java:1540) [?:?]
	at org.testng.TestRunner.privateRun(TestRunner.java:766) [testng-7.1.0.jar:?]
	at org.testng.TestRunner.run(TestRunner.java:587) [testng-7.1.0.jar:?]
	at org.testng.SuiteRunner.runTest(SuiteRunner.java:384) [testng-7.1.0.jar:?]
	at org.testng.SuiteRunner.runSequentially(SuiteRunner.java:378) [testng-7.1.0.jar:?]
	at org.testng.SuiteRunner.privateRun(SuiteRunner.java:337) [testng-7.1.0.jar:?]
	at org.testng.SuiteRunner.run(SuiteRunner.java:286) [testng-7.1.0.jar:?]
	at org.testng.SuiteRunnerWorker.runSuite(SuiteRunnerWorker.java:53) [testng-7.1.0.jar:?]
	at org.testng.SuiteRunnerWorker.run(SuiteRunnerWorker.java:96) [testng-7.1.0.jar:?]
	at org.testng.TestNG.runSuitesSequentially(TestNG.java:1187) [testng-7.1.0.jar:?]
	at org.testng.TestNG.runSuitesLocally(TestNG.java:1109) [testng-7.1.0.jar:?]
	at org.testng.TestNG.runSuites(TestNG.java:1039) [testng-7.1.0.jar:?]
	at org.testng.TestNG.run(TestNG.java:1007) [testng-7.1.0.jar:?]
	at org.apache.maven.surefire.testng.TestNGExecutor.run(TestNGExecutor.java:283) [surefire-testng-3.0.0-M4.jar:3.0.0-M4]
	at org.apache.maven.surefire.testng.TestNGXmlTestSuite.execute(TestNGXmlTestSuite.java:75) [surefire-testng-3.0.0-M4.jar:3.0.0-M4]
	at org.apache.maven.surefire.testng.TestNGProvider.invoke(TestNGProvider.java:120) [surefire-testng-3.0.0-M4.jar:3.0.0-M4]
	at org.apache.maven.surefire.booter.ForkedBooter.runSuitesInProcess(ForkedBooter.java:377) [surefire-booter-3.0.0-M4.jar:3.0.0-M4]
	at org.apache.maven.surefire.booter.ForkedBooter.execute(ForkedBooter.java:138) [surefire-booter-3.0.0-M4.jar:3.0.0-M4]
	at org.apache.maven.surefire.booter.ForkedBooter.run(ForkedBooter.java:465) [surefire-booter-3.0.0-M4.jar:3.0.0-M4]
	at org.apache.maven.surefire.booter.ForkedBooter.main(ForkedBooter.java:451) [surefire-booter-3.0.0-M4.jar:3.0.0-M4]
15-May-2020 18:03:50.476 [main] WARN  com.appname.testcases.BaseClass - Setting Explicit wait to default value 10 seconds for the execution. Please update the properties file if you want to update this time.
15-May-2020 18:03:50.481 [main] DEBUG com.appname.testcases.BaseClass - 'https://www.google.co.in/' value is fetched for property 'application_url'.
15-May-2020 18:03:50.482 [main] DEBUG com.appname.testcases.BaseClass - 'akansh.jha@gmail.com' value is fetched for property 'userName'.
15-May-2020 18:03:50.482 [main] DEBUG com.appname.testcases.BaseClass - 'randomPass' value is fetched for property 'password'.
15-May-2020 18:03:52.306 [main] DEBUG com.appname.testcases.SampleClass - Test Case has been executed successfully.
15-May-2020 18:03:54.313 [main] DEBUG com.appname.testcases.BaseClass - Tearing Down the Class.
15-May-2020 18:03:54.313 [main] DEBUG com.appname.testcases.BaseClass - Closing all the opened browsers.
15-May-2020 19:32:28.426 [main] DEBUG com.appname.testcases.BaseClass - Fetching the Chrome driver from WebDriverManager.
15-May-2020 19:32:33.662 [main] DEBUG com.appname.testcases.BaseClass - Instantiating the Chrome Driver.
15-May-2020 19:32:35.824 [main] DEBUG com.appname.testcases.BaseClass - The browser window is maximized.
15-May-2020 19:32:35.825 [main] DEBUG com.appname.testcases.BaseClass - '4' value is fetched for property 'implicit_wait_time'.
15-May-2020 19:32:35.826 [main] DEBUG com.appname.testcases.BaseClass - Setting Implicit wait to 4 seconds for the execution.
15-May-2020 19:32:35.843 [main] DEBUG com.appname.testcases.BaseClass - '9' value is fetched for property 'explicit_wait_time'.
15-May-2020 19:32:35.844 [main] DEBUG com.appname.testcases.BaseClass - Setting Explicit wait to 9 seconds for the execution.
15-May-2020 19:32:35.855 [main] DEBUG com.appname.testcases.BaseClass - 'https://www.google.co.in/' value is fetched for property 'application_url'.
15-May-2020 19:32:35.855 [main] DEBUG com.appname.testcases.BaseClass - 'akansh.jha@gmail.com' value is fetched for property 'userName'.
15-May-2020 19:32:35.856 [main] DEBUG com.appname.testcases.BaseClass - 'randomPass' value is fetched for property 'password'.
15-May-2020 19:32:38.488 [main] DEBUG com.appname.testcases.SampleClass - Test Case has been executed successfully.
15-May-2020 19:32:40.499 [main] DEBUG com.appname.testcases.BaseClass - Tearing Down the Class.
15-May-2020 19:32:40.499 [main] DEBUG com.appname.testcases.BaseClass - Closing all the opened browsers.
15-May-2020 21:25:51.777 [main] DEBUG com.appname.testcases.BaseClass - Fetching the Chrome driver from WebDriverManager.
15-May-2020 21:25:56.507 [main] DEBUG com.appname.testcases.BaseClass - Instantiating the Chrome Driver.
15-May-2020 21:25:58.656 [main] DEBUG com.appname.testcases.BaseClass - The browser window is maximized.
15-May-2020 21:25:58.656 [main] DEBUG com.appname.testcases.BaseClass - '4' value is fetched for property 'implicit_wait_time'.
15-May-2020 21:25:58.657 [main] DEBUG com.appname.testcases.BaseClass - Setting Implicit wait to 4 seconds for the execution.
15-May-2020 21:25:58.670 [main] DEBUG com.appname.testcases.BaseClass - '9' value is fetched for property 'explicit_wait_time'.
15-May-2020 21:25:58.670 [main] DEBUG com.appname.testcases.BaseClass - Setting Explicit wait to 9 seconds for the execution.
15-May-2020 21:25:58.676 [main] DEBUG com.appname.testcases.BaseClass - 'https://www.google.co.in/' value is fetched for property 'application_url'.
15-May-2020 21:25:58.676 [main] DEBUG com.appname.testcases.BaseClass - 'akansh.jha@gmail.com' value is fetched for property 'userName'.
15-May-2020 21:25:58.676 [main] DEBUG com.appname.testcases.BaseClass - 'randomPass' value is fetched for property 'password'.
15-May-2020 21:26:00.773 [main] DEBUG com.appname.testcases.SampleClass - Test Case has been executed successfully.
15-May-2020 21:26:02.788 [main] DEBUG com.appname.testcases.BaseClass - Tearing Down the Class.
15-May-2020 21:26:02.788 [main] DEBUG com.appname.testcases.BaseClass - Closing all the opened browsers.
15-May-2020 21:31:30.600 [main] DEBUG com.appname.testcases.BaseClass - Fetching the Chrome driver from WebDriverManager.
15-May-2020 21:31:35.207 [main] DEBUG com.appname.testcases.BaseClass - Instantiating the Chrome Driver.
15-May-2020 21:31:37.359 [main] DEBUG com.appname.testcases.BaseClass - The browser window is maximized.
15-May-2020 21:31:37.359 [main] DEBUG com.appname.testcases.BaseClass - '4' value is fetched for property 'implicit_wait_time'.
15-May-2020 21:31:37.359 [main] DEBUG com.appname.testcases.BaseClass - Setting Implicit wait to 4 seconds for the execution.
15-May-2020 21:31:37.365 [main] DEBUG com.appname.testcases.BaseClass - '9' value is fetched for property 'explicit_wait_time'.
15-May-2020 21:31:37.365 [main] DEBUG com.appname.testcases.BaseClass - Setting Explicit wait to 9 seconds for the execution.
15-May-2020 21:31:37.369 [main] DEBUG com.appname.testcases.BaseClass - 'https://www.google.co.in/' value is fetched for property 'application_url'.
15-May-2020 21:31:37.369 [main] DEBUG com.appname.testcases.BaseClass - 'akansh.jha@gmail.com' value is fetched for property 'userName'.
15-May-2020 21:31:37.369 [main] DEBUG com.appname.testcases.BaseClass - 'randomPass' value is fetched for property 'password'.
15-May-2020 21:31:39.300 [main] DEBUG com.appname.testcases.SampleClass - Test Case has been executed successfully.
15-May-2020 21:31:39.318 [main] DEBUG com.appname.utilities.Rahul_Listener - As test case is failed, I am going to take the screenshot.
15-May-2020 21:31:41.956 [main] DEBUG com.appname.testcases.BaseClass - Tearing Down the Class.
15-May-2020 21:31:41.956 [main] DEBUG com.appname.testcases.BaseClass - Closing all the opened browsers.
15-May-2020 21:52:27.154 [main] DEBUG com.appname.testcases.BaseClass - Fetching the Chrome driver from WebDriverManager.
15-May-2020 21:52:31.730 [main] DEBUG com.appname.testcases.BaseClass - Instantiating the Chrome Driver.
15-May-2020 21:52:33.898 [main] DEBUG com.appname.testcases.BaseClass - The browser window is maximized.
15-May-2020 21:52:33.898 [main] DEBUG com.appname.testcases.BaseClass - '4' value is fetched for property 'implicit_wait_time'.
15-May-2020 21:52:33.899 [main] DEBUG com.appname.testcases.BaseClass - Setting Implicit wait to 4 seconds for the execution.
15-May-2020 21:52:33.915 [main] DEBUG com.appname.testcases.BaseClass - '9' value is fetched for property 'explicit_wait_time'.
15-May-2020 21:52:33.916 [main] DEBUG com.appname.testcases.BaseClass - Setting Explicit wait to 9 seconds for the execution.
15-May-2020 21:52:33.921 [main] DEBUG com.appname.testcases.BaseClass - 'https://www.google.co.in/' value is fetched for property 'application_url'.
15-May-2020 21:52:33.922 [main] DEBUG com.appname.testcases.BaseClass - 'akansh.jha@gmail.com' value is fetched for property 'userName'.
15-May-2020 21:52:33.922 [main] DEBUG com.appname.testcases.BaseClass - 'randomPass' value is fetched for property 'password'.
15-May-2020 21:52:36.467 [main] DEBUG com.appname.testcases.SampleClass - Test Case has been executed successfully.
15-May-2020 21:52:38.483 [main] DEBUG com.appname.testcases.BaseClass - Tearing Down the Class.
15-May-2020 21:52:38.483 [main] DEBUG com.appname.testcases.BaseClass - Closing all the opened browsers.
15-May-2020 21:56:26.190 [main] DEBUG com.appname.testcases.BaseClass - Fetching the Chrome driver from WebDriverManager.
15-May-2020 21:56:31.155 [main] DEBUG com.appname.testcases.BaseClass - Instantiating the Chrome Driver.
15-May-2020 21:56:33.306 [main] DEBUG com.appname.testcases.BaseClass - The browser window is maximized.
15-May-2020 21:56:33.307 [main] DEBUG com.appname.testcases.BaseClass - '4' value is fetched for property 'implicit_wait_time'.
15-May-2020 21:56:33.307 [main] DEBUG com.appname.testcases.BaseClass - Setting Implicit wait to 4 seconds for the execution.
15-May-2020 21:56:33.315 [main] DEBUG com.appname.testcases.BaseClass - '9' value is fetched for property 'explicit_wait_time'.
15-May-2020 21:56:33.315 [main] DEBUG com.appname.testcases.BaseClass - Setting Explicit wait to 9 seconds for the execution.
15-May-2020 21:56:33.322 [main] DEBUG com.appname.testcases.BaseClass - 'https://www.google.co.in/' value is fetched for property 'application_url'.
15-May-2020 21:56:33.322 [main] DEBUG com.appname.testcases.BaseClass - 'akansh.jha@gmail.com' value is fetched for property 'userName'.
15-May-2020 21:56:33.322 [main] DEBUG com.appname.testcases.BaseClass - 'randomPass' value is fetched for property 'password'.
15-May-2020 21:56:36.088 [main] DEBUG com.appname.testcases.SampleClass - Test Case has been executed successfully.
15-May-2020 21:56:38.099 [main] DEBUG com.appname.testcases.BaseClass - Tearing Down the Class.
15-May-2020 21:56:38.099 [main] DEBUG com.appname.testcases.BaseClass - Closing all the opened browsers.
15-May-2020 22:04:15.097 [main] DEBUG com.appname.testcases.BaseClass - Fetching the Chrome driver from WebDriverManager.
15-May-2020 22:04:19.689 [main] DEBUG com.appname.testcases.BaseClass - Instantiating the Chrome Driver.
15-May-2020 22:04:21.847 [main] DEBUG com.appname.testcases.BaseClass - The browser window is maximized.
15-May-2020 22:04:21.848 [main] DEBUG com.appname.testcases.BaseClass - '4' value is fetched for property 'implicit_wait_time'.
15-May-2020 22:04:21.848 [main] DEBUG com.appname.testcases.BaseClass - Setting Implicit wait to 4 seconds for the execution.
15-May-2020 22:04:21.865 [main] DEBUG com.appname.testcases.BaseClass - '9' value is fetched for property 'explicit_wait_time'.
15-May-2020 22:04:21.866 [main] DEBUG com.appname.testcases.BaseClass - Setting Explicit wait to 9 seconds for the execution.
15-May-2020 22:04:21.878 [main] DEBUG com.appname.testcases.BaseClass - 'https://www.google.co.in/' value is fetched for property 'application_url'.
15-May-2020 22:04:21.879 [main] DEBUG com.appname.testcases.BaseClass - 'akansh.jha@gmail.com' value is fetched for property 'userName'.
15-May-2020 22:04:21.880 [main] DEBUG com.appname.testcases.BaseClass - 'randomPass' value is fetched for property 'password'.
15-May-2020 22:04:24.433 [main] DEBUG com.appname.testcases.SampleClass - Test Case has been executed successfully.
15-May-2020 22:04:26.449 [main] DEBUG com.appname.testcases.BaseClass - Tearing Down the Class.
15-May-2020 22:04:26.449 [main] DEBUG com.appname.testcases.BaseClass - Closing all the opened browsers.
15-May-2020 22:06:56.063 [main] DEBUG com.appname.testcases.BaseClass - Fetching the Chrome driver from WebDriverManager.
15-May-2020 22:07:00.740 [main] DEBUG com.appname.testcases.BaseClass - Instantiating the Chrome Driver.
15-May-2020 22:07:02.873 [main] DEBUG com.appname.testcases.BaseClass - The browser window is maximized.
15-May-2020 22:07:02.874 [main] DEBUG com.appname.testcases.BaseClass - '4' value is fetched for property 'implicit_wait_time'.
15-May-2020 22:07:02.874 [main] DEBUG com.appname.testcases.BaseClass - Setting Implicit wait to 4 seconds for the execution.
15-May-2020 22:07:02.883 [main] DEBUG com.appname.testcases.BaseClass - '9' value is fetched for property 'explicit_wait_time'.
15-May-2020 22:07:02.883 [main] DEBUG com.appname.testcases.BaseClass - Setting Explicit wait to 9 seconds for the execution.
15-May-2020 22:07:02.887 [main] DEBUG com.appname.testcases.BaseClass - 'https://www.google.co.in/' value is fetched for property 'application_url'.
15-May-2020 22:07:02.888 [main] DEBUG com.appname.testcases.BaseClass - 'akansh.jha@gmail.com' value is fetched for property 'userName'.
15-May-2020 22:07:02.888 [main] DEBUG com.appname.testcases.BaseClass - 'randomPass' value is fetched for property 'password'.
15-May-2020 22:07:05.340 [main] DEBUG com.appname.testcases.SampleClass - Test Case has been executed successfully.
15-May-2020 22:07:07.357 [main] DEBUG com.appname.testcases.BaseClass - Tearing Down the Class.
15-May-2020 22:07:07.357 [main] DEBUG com.appname.testcases.BaseClass - Closing all the opened browsers.
15-May-2020 22:12:15.324 [main] DEBUG com.appname.testcases.BaseClass - Fetching the Chrome driver from WebDriverManager.
15-May-2020 22:12:20.059 [main] DEBUG com.appname.testcases.BaseClass - Instantiating the Chrome Driver.
15-May-2020 22:12:22.222 [main] DEBUG com.appname.testcases.BaseClass - The browser window is maximized.
15-May-2020 22:12:22.223 [main] DEBUG com.appname.testcases.BaseClass - '4' value is fetched for property 'implicit_wait_time'.
15-May-2020 22:12:22.224 [main] DEBUG com.appname.testcases.BaseClass - Setting Implicit wait to 4 seconds for the execution.
15-May-2020 22:12:22.241 [main] DEBUG com.appname.testcases.BaseClass - '9' value is fetched for property 'explicit_wait_time'.
15-May-2020 22:12:22.241 [main] DEBUG com.appname.testcases.BaseClass - Setting Explicit wait to 9 seconds for the execution.
15-May-2020 22:12:22.246 [main] DEBUG com.appname.testcases.BaseClass - 'https://www.google.co.in/' value is fetched for property 'application_url'.
15-May-2020 22:12:22.247 [main] DEBUG com.appname.testcases.BaseClass - 'akansh.jha@gmail.com' value is fetched for property 'userName'.
15-May-2020 22:12:22.247 [main] DEBUG com.appname.testcases.BaseClass - 'randomPass' value is fetched for property 'password'.
15-May-2020 22:12:24.844 [main] DEBUG com.appname.testcases.SampleClass - Test Case has been executed successfully.
15-May-2020 22:12:26.859 [main] DEBUG com.appname.testcases.BaseClass - Tearing Down the Class.
15-May-2020 22:12:26.859 [main] DEBUG com.appname.testcases.BaseClass - Closing all the opened browsers.
15-May-2020 22:17:40.170 [main] DEBUG com.appname.testcases.BaseClass - Fetching the Chrome driver from WebDriverManager.
15-May-2020 22:17:44.786 [main] DEBUG com.appname.testcases.BaseClass - Instantiating the Chrome Driver.
15-May-2020 22:17:46.945 [main] DEBUG com.appname.testcases.BaseClass - The browser window is maximized.
15-May-2020 22:17:46.946 [main] DEBUG com.appname.testcases.BaseClass - '4' value is fetched for property 'implicit_wait_time'.
15-May-2020 22:17:46.947 [main] DEBUG com.appname.testcases.BaseClass - Setting Implicit wait to 4 seconds for the execution.
15-May-2020 22:17:46.962 [main] DEBUG com.appname.testcases.BaseClass - '9' value is fetched for property 'explicit_wait_time'.
15-May-2020 22:17:46.963 [main] DEBUG com.appname.testcases.BaseClass - Setting Explicit wait to 9 seconds for the execution.
15-May-2020 22:17:46.969 [main] DEBUG com.appname.testcases.BaseClass - 'https://www.google.co.in/' value is fetched for property 'application_url'.
15-May-2020 22:17:46.970 [main] DEBUG com.appname.testcases.BaseClass - 'akansh.jha@gmail.com' value is fetched for property 'userName'.
15-May-2020 22:17:46.970 [main] DEBUG com.appname.testcases.BaseClass - 'randomPass' value is fetched for property 'password'.
15-May-2020 22:17:49.653 [main] DEBUG com.appname.testcases.SampleClass - Test Case has been executed successfully.
15-May-2020 22:17:49.667 [main] DEBUG com.appname.utilities.TestNG_Listener - As test case is failed, taking a screenshot.
15-May-2020 22:17:52.042 [main] DEBUG com.appname.testcases.BaseClass - Tearing Down the Class.
15-May-2020 22:17:52.042 [main] DEBUG com.appname.testcases.BaseClass - Closing all the opened browsers.
15-May-2020 22:18:53.741 [main] DEBUG com.appname.testcases.BaseClass - Fetching the Chrome driver from WebDriverManager.
15-May-2020 22:18:58.630 [main] DEBUG com.appname.testcases.BaseClass - Instantiating the Chrome Driver.
15-May-2020 22:19:00.762 [main] DEBUG com.appname.testcases.BaseClass - The browser window is maximized.
15-May-2020 22:19:00.763 [main] DEBUG com.appname.testcases.BaseClass - '4' value is fetched for property 'implicit_wait_time'.
15-May-2020 22:19:00.763 [main] DEBUG com.appname.testcases.BaseClass - Setting Implicit wait to 4 seconds for the execution.
15-May-2020 22:19:00.771 [main] DEBUG com.appname.testcases.BaseClass - '9' value is fetched for property 'explicit_wait_time'.
15-May-2020 22:19:00.771 [main] DEBUG com.appname.testcases.BaseClass - Setting Explicit wait to 9 seconds for the execution.
15-May-2020 22:19:00.776 [main] DEBUG com.appname.testcases.BaseClass - 'https://www.google.co.in/' value is fetched for property 'application_url'.
15-May-2020 22:19:00.776 [main] DEBUG com.appname.testcases.BaseClass - 'akansh.jha@gmail.com' value is fetched for property 'userName'.
15-May-2020 22:19:00.777 [main] DEBUG com.appname.testcases.BaseClass - 'randomPass' value is fetched for property 'password'.
15-May-2020 22:19:03.461 [main] DEBUG com.appname.testcases.SampleClass - Test Case has been executed successfully.
15-May-2020 22:19:03.485 [main] DEBUG com.appname.utilities.TestNG_Listener - As test case is failed, taking a screenshot.
15-May-2020 22:19:05.920 [main] DEBUG com.appname.testcases.BaseClass - Tearing Down the Class.
15-May-2020 22:19:05.920 [main] DEBUG com.appname.testcases.BaseClass - Closing all the opened browsers.
15-May-2020 22:30:21.821 [main] DEBUG com.appname.testcases.BaseClass - Fetching the Chrome driver from WebDriverManager.
15-May-2020 22:30:26.422 [main] DEBUG com.appname.testcases.BaseClass - Instantiating the Chrome Driver.
15-May-2020 22:30:28.557 [main] DEBUG com.appname.testcases.BaseClass - The browser window is maximized.
15-May-2020 22:30:28.558 [main] DEBUG com.appname.testcases.BaseClass - '4' value is fetched for property 'implicit_wait_time'.
15-May-2020 22:30:28.558 [main] DEBUG com.appname.testcases.BaseClass - Setting Implicit wait to 4 seconds for the execution.
15-May-2020 22:30:28.566 [main] DEBUG com.appname.testcases.BaseClass - '9' value is fetched for property 'explicit_wait_time'.
15-May-2020 22:30:28.566 [main] DEBUG com.appname.testcases.BaseClass - Setting Explicit wait to 9 seconds for the execution.
15-May-2020 22:30:28.571 [main] DEBUG com.appname.testcases.BaseClass - 'https://www.google.co.in/' value is fetched for property 'application_url'.
15-May-2020 22:30:28.572 [main] DEBUG com.appname.testcases.BaseClass - 'akansh.jha@gmail.com' value is fetched for property 'userName'.
15-May-2020 22:30:28.572 [main] DEBUG com.appname.testcases.BaseClass - 'randomPass' value is fetched for property 'password'.
15-May-2020 22:30:30.622 [main] DEBUG com.appname.testcases.BaseClass - Tearing Down the Class.
15-May-2020 22:30:30.622 [main] DEBUG com.appname.testcases.BaseClass - Closing all the opened browsers.
15-May-2020 22:34:20.549 [main] DEBUG com.appname.testcases.BaseClass - Fetching the Chrome driver from WebDriverManager.
15-May-2020 22:34:25.020 [main] DEBUG com.appname.testcases.BaseClass - Instantiating the Chrome Driver.
15-May-2020 22:34:27.164 [main] DEBUG com.appname.testcases.BaseClass - The browser window is maximized.
15-May-2020 22:34:27.164 [main] DEBUG com.appname.testcases.BaseClass - '4' value is fetched for property 'implicit_wait_time'.
15-May-2020 22:34:27.164 [main] DEBUG com.appname.testcases.BaseClass - Setting Implicit wait to 4 seconds for the execution.
15-May-2020 22:34:27.172 [main] DEBUG com.appname.testcases.BaseClass - '9' value is fetched for property 'explicit_wait_time'.
15-May-2020 22:34:27.173 [main] DEBUG com.appname.testcases.BaseClass - Setting Explicit wait to 9 seconds for the execution.
15-May-2020 22:34:27.178 [main] DEBUG com.appname.testcases.BaseClass - 'https://www.google.co.in/' value is fetched for property 'application_url'.
15-May-2020 22:34:27.178 [main] DEBUG com.appname.testcases.BaseClass - 'akansh.jha@gmail.com' value is fetched for property 'userName'.
15-May-2020 22:34:27.179 [main] DEBUG com.appname.testcases.BaseClass - 'randomPass' value is fetched for property 'password'.
15-May-2020 22:34:29.232 [main] DEBUG com.appname.testcases.BaseClass - Tearing Down the Class.
15-May-2020 22:34:29.232 [main] DEBUG com.appname.testcases.BaseClass - Closing all the opened browsers.
15-May-2020 22:35:58.564 [main] DEBUG com.appname.testcases.BaseClass - Fetching the Chrome driver from WebDriverManager.
15-May-2020 22:36:03.305 [main] DEBUG com.appname.testcases.BaseClass - Instantiating the Chrome Driver.
15-May-2020 22:36:05.466 [main] DEBUG com.appname.testcases.BaseClass - The browser window is maximized.
15-May-2020 22:36:05.466 [main] DEBUG com.appname.testcases.BaseClass - '4' value is fetched for property 'implicit_wait_time'.
15-May-2020 22:36:05.467 [main] DEBUG com.appname.testcases.BaseClass - Setting Implicit wait to 4 seconds for the execution.
15-May-2020 22:36:05.479 [main] DEBUG com.appname.testcases.BaseClass - '9' value is fetched for property 'explicit_wait_time'.
15-May-2020 22:36:05.480 [main] DEBUG com.appname.testcases.BaseClass - Setting Explicit wait to 9 seconds for the execution.
15-May-2020 22:36:05.487 [main] DEBUG com.appname.testcases.BaseClass - 'https://www.google.co.in/' value is fetched for property 'application_url'.
15-May-2020 22:36:05.487 [main] DEBUG com.appname.testcases.BaseClass - 'akansh.jha@gmail.com' value is fetched for property 'userName'.
15-May-2020 22:36:05.488 [main] DEBUG com.appname.testcases.BaseClass - 'randomPass' value is fetched for property 'password'.
15-May-2020 22:36:05.533 [main] DEBUG com.appname.utilities.ExtentReporterNG - Extent Spark Reporter has been instantiated.
15-May-2020 22:36:07.898 [main] DEBUG com.appname.testcases.SampleClass - Test Case has been executed successfully.
15-May-2020 22:36:07.923 [main] DEBUG com.appname.utilities.TestNG_Listener - As test case is failed, taking a screenshot.
15-May-2020 22:36:10.305 [main] DEBUG com.appname.testcases.BaseClass - Tearing Down the Class.
15-May-2020 22:36:10.305 [main] DEBUG com.appname.testcases.BaseClass - Closing all the opened browsers.
15-May-2020 22:37:53.063 [main] DEBUG com.appname.testcases.BaseClass - Fetching the Chrome driver from WebDriverManager.
15-May-2020 22:37:57.716 [main] DEBUG com.appname.testcases.BaseClass - Instantiating the Chrome Driver.
15-May-2020 22:37:59.877 [main] DEBUG com.appname.testcases.BaseClass - The browser window is maximized.
15-May-2020 22:37:59.878 [main] DEBUG com.appname.testcases.BaseClass - '4' value is fetched for property 'implicit_wait_time'.
15-May-2020 22:37:59.879 [main] DEBUG com.appname.testcases.BaseClass - Setting Implicit wait to 4 seconds for the execution.
15-May-2020 22:37:59.896 [main] DEBUG com.appname.testcases.BaseClass - '9' value is fetched for property 'explicit_wait_time'.
15-May-2020 22:37:59.896 [main] DEBUG com.appname.testcases.BaseClass - Setting Explicit wait to 9 seconds for the execution.
15-May-2020 22:37:59.905 [main] DEBUG com.appname.testcases.BaseClass - 'https://www.google.co.in/' value is fetched for property 'application_url'.
15-May-2020 22:37:59.905 [main] DEBUG com.appname.testcases.BaseClass - 'akansh.jha@gmail.com' value is fetched for property 'userName'.
15-May-2020 22:37:59.905 [main] DEBUG com.appname.testcases.BaseClass - 'randomPass' value is fetched for property 'password'.
15-May-2020 22:37:59.953 [main] DEBUG com.appname.utilities.ExtentReporterNG - Extent Spark Reporter has been instantiated.
15-May-2020 22:38:02.975 [main] DEBUG com.appname.testcases.SampleClass - Test Case has been executed successfully.
15-May-2020 22:38:02.997 [main] DEBUG com.appname.utilities.TestNG_Listener - As test case is failed, taking a screenshot.
15-May-2020 22:38:05.360 [main] DEBUG com.appname.testcases.BaseClass - Tearing Down the Class.
15-May-2020 22:38:05.360 [main] DEBUG com.appname.testcases.BaseClass - Closing all the opened browsers.
15-May-2020 22:38:50.568 [main] DEBUG com.appname.testcases.BaseClass - Fetching the Chrome driver from WebDriverManager.
15-May-2020 22:38:55.146 [main] DEBUG com.appname.testcases.BaseClass - Instantiating the Chrome Driver.
15-May-2020 22:38:57.275 [main] DEBUG com.appname.testcases.BaseClass - The browser window is maximized.
15-May-2020 22:38:57.275 [main] DEBUG com.appname.testcases.BaseClass - '4' value is fetched for property 'implicit_wait_time'.
15-May-2020 22:38:57.275 [main] DEBUG com.appname.testcases.BaseClass - Setting Implicit wait to 4 seconds for the execution.
15-May-2020 22:38:57.283 [main] DEBUG com.appname.testcases.BaseClass - '9' value is fetched for property 'explicit_wait_time'.
15-May-2020 22:38:57.283 [main] DEBUG com.appname.testcases.BaseClass - Setting Explicit wait to 9 seconds for the execution.
15-May-2020 22:38:57.289 [main] DEBUG com.appname.testcases.BaseClass - 'https://www.google.co.in/' value is fetched for property 'application_url'.
15-May-2020 22:38:57.289 [main] DEBUG com.appname.testcases.BaseClass - 'akansh.jha@gmail.com' value is fetched for property 'userName'.
15-May-2020 22:38:57.289 [main] DEBUG com.appname.testcases.BaseClass - 'randomPass' value is fetched for property 'password'.
15-May-2020 22:38:57.336 [main] DEBUG com.appname.utilities.ExtentReporterNG - Extent Spark Reporter has been instantiated.
15-May-2020 22:38:59.934 [main] DEBUG com.appname.testcases.SampleClass - Test Case has been executed successfully.
15-May-2020 22:38:59.954 [main] DEBUG com.appname.utilities.TestNG_Listener - As test case is failed, taking a screenshot.
15-May-2020 22:39:02.395 [main] DEBUG com.appname.testcases.BaseClass - Tearing Down the Class.
15-May-2020 22:39:02.395 [main] DEBUG com.appname.testcases.BaseClass - Closing all the opened browsers.
15-May-2020 22:43:02.053 [main] DEBUG com.appname.testcases.BaseClass - Fetching the Chrome driver from WebDriverManager.
15-May-2020 22:43:06.717 [main] DEBUG com.appname.testcases.BaseClass - Instantiating the Chrome Driver.
15-May-2020 22:43:08.881 [main] DEBUG com.appname.testcases.BaseClass - The browser window is maximized.
15-May-2020 22:43:08.882 [main] DEBUG com.appname.testcases.BaseClass - '4' value is fetched for property 'implicit_wait_time'.
15-May-2020 22:43:08.884 [main] DEBUG com.appname.testcases.BaseClass - Setting Implicit wait to 4 seconds for the execution.
15-May-2020 22:43:08.896 [main] DEBUG com.appname.testcases.BaseClass - '9' value is fetched for property 'explicit_wait_time'.
15-May-2020 22:43:08.896 [main] DEBUG com.appname.testcases.BaseClass - Setting Explicit wait to 9 seconds for the execution.
15-May-2020 22:43:08.903 [main] DEBUG com.appname.testcases.BaseClass - 'https://www.google.co.in/' value is fetched for property 'application_url'.
15-May-2020 22:43:08.903 [main] DEBUG com.appname.testcases.BaseClass - 'akansh.jha@gmail.com' value is fetched for property 'userName'.
15-May-2020 22:43:08.903 [main] DEBUG com.appname.testcases.BaseClass - 'randomPass' value is fetched for property 'password'.
15-May-2020 22:43:08.995 [main] DEBUG com.appname.utilities.ExtentReporterNG - Extent Spark Reporter has been instantiated.
15-May-2020 22:43:12.051 [main] DEBUG com.appname.testcases.SampleClass - Test Case has been executed successfully.
15-May-2020 22:43:12.077 [main] DEBUG com.appname.utilities.TestNG_Listener - As test case is failed, taking a screenshot.
15-May-2020 22:43:14.468 [main] DEBUG com.appname.testcases.BaseClass - Tearing Down the Class.
15-May-2020 22:43:14.468 [main] DEBUG com.appname.testcases.BaseClass - Closing all the opened browsers.
15-May-2020 22:44:23.095 [main] DEBUG com.appname.testcases.BaseClass - Fetching the Chrome driver from WebDriverManager.
15-May-2020 22:44:27.716 [main] DEBUG com.appname.testcases.BaseClass - Instantiating the Chrome Driver.
15-May-2020 22:44:29.844 [main] DEBUG com.appname.testcases.BaseClass - The browser window is maximized.
15-May-2020 22:44:29.844 [main] DEBUG com.appname.testcases.BaseClass - '4' value is fetched for property 'implicit_wait_time'.
15-May-2020 22:44:29.844 [main] DEBUG com.appname.testcases.BaseClass - Setting Implicit wait to 4 seconds for the execution.
15-May-2020 22:44:29.851 [main] DEBUG com.appname.testcases.BaseClass - '9' value is fetched for property 'explicit_wait_time'.
15-May-2020 22:44:29.851 [main] DEBUG com.appname.testcases.BaseClass - Setting Explicit wait to 9 seconds for the execution.
15-May-2020 22:44:29.855 [main] DEBUG com.appname.testcases.BaseClass - 'https://www.google.co.in/' value is fetched for property 'application_url'.
15-May-2020 22:44:29.855 [main] DEBUG com.appname.testcases.BaseClass - 'akansh.jha@gmail.com' value is fetched for property 'userName'.
15-May-2020 22:44:29.855 [main] DEBUG com.appname.testcases.BaseClass - 'randomPass' value is fetched for property 'password'.
15-May-2020 22:44:29.908 [main] DEBUG com.appname.utilities.ExtentReporterNG - Extent Spark Reporter has been instantiated.
15-May-2020 22:44:32.764 [main] DEBUG com.appname.testcases.SampleClass - Test Case has been executed successfully.
15-May-2020 22:44:32.791 [main] DEBUG com.appname.utilities.TestNG_Listener - As test case is failed, taking a screenshot.
15-May-2020 22:44:35.249 [main] DEBUG com.appname.testcases.BaseClass - Tearing Down the Class.
15-May-2020 22:44:35.249 [main] DEBUG com.appname.testcases.BaseClass - Closing all the opened browsers.
15-May-2020 22:44:36.097 [main] DEBUG com.appname.testcases.BaseClass - Fetching the Chrome driver from WebDriverManager.
15-May-2020 22:44:39.991 [main] DEBUG com.appname.testcases.BaseClass - Instantiating the Chrome Driver.
15-May-2020 22:44:42.147 [main] DEBUG com.appname.testcases.BaseClass - The browser window is maximized.
15-May-2020 22:44:42.148 [main] DEBUG com.appname.testcases.BaseClass - '4' value is fetched for property 'implicit_wait_time'.
15-May-2020 22:44:42.148 [main] DEBUG com.appname.testcases.BaseClass - Setting Implicit wait to 4 seconds for the execution.
15-May-2020 22:44:42.154 [main] DEBUG com.appname.testcases.BaseClass - '9' value is fetched for property 'explicit_wait_time'.
15-May-2020 22:44:42.155 [main] DEBUG com.appname.testcases.BaseClass - Setting Explicit wait to 9 seconds for the execution.
15-May-2020 22:44:42.155 [main] DEBUG com.appname.testcases.BaseClass - 'https://www.google.co.in/' value is fetched for property 'application_url'.
15-May-2020 22:44:42.155 [main] DEBUG com.appname.testcases.BaseClass - 'akansh.jha@gmail.com' value is fetched for property 'userName'.
15-May-2020 22:44:42.156 [main] DEBUG com.appname.testcases.BaseClass - 'randomPass' value is fetched for property 'password'.
15-May-2020 22:44:42.160 [main] DEBUG com.appname.utilities.ExtentReporterNG - Extent Spark Reporter has been instantiated.
15-May-2020 22:44:44.406 [main] DEBUG com.appname.testcases.SampleClass2 - Test Case has been executed successfully.
15-May-2020 22:44:44.417 [main] DEBUG com.appname.utilities.TestNG_Listener - As test case is failed, taking a screenshot.
15-May-2020 22:44:46.793 [main] DEBUG com.appname.testcases.BaseClass - Tearing Down the Class.
15-May-2020 22:44:46.793 [main] DEBUG com.appname.testcases.BaseClass - Closing all the opened browsers.
15-May-2020 22:44:47.601 [main] DEBUG com.appname.testcases.BaseClass - Fetching the Chrome driver from WebDriverManager.
15-May-2020 22:44:51.170 [main] DEBUG com.appname.testcases.BaseClass - Instantiating the Chrome Driver.
15-May-2020 22:44:53.302 [main] DEBUG com.appname.testcases.BaseClass - The browser window is maximized.
15-May-2020 22:44:53.303 [main] DEBUG com.appname.testcases.BaseClass - '4' value is fetched for property 'implicit_wait_time'.
15-May-2020 22:44:53.303 [main] DEBUG com.appname.testcases.BaseClass - Setting Implicit wait to 4 seconds for the execution.
15-May-2020 22:44:53.307 [main] DEBUG com.appname.testcases.BaseClass - '9' value is fetched for property 'explicit_wait_time'.
15-May-2020 22:44:53.308 [main] DEBUG com.appname.testcases.BaseClass - Setting Explicit wait to 9 seconds for the execution.
15-May-2020 22:44:53.308 [main] DEBUG com.appname.testcases.BaseClass - 'https://www.google.co.in/' value is fetched for property 'application_url'.
15-May-2020 22:44:53.308 [main] DEBUG com.appname.testcases.BaseClass - 'akansh.jha@gmail.com' value is fetched for property 'userName'.
15-May-2020 22:44:53.308 [main] DEBUG com.appname.testcases.BaseClass - 'randomPass' value is fetched for property 'password'.
15-May-2020 22:44:53.312 [main] DEBUG com.appname.utilities.ExtentReporterNG - Extent Spark Reporter has been instantiated.
15-May-2020 22:44:55.631 [main] DEBUG com.appname.testcases.SampleClass3 - Test Case has been executed successfully.
15-May-2020 22:44:55.632 [main] DEBUG com.appname.testcases.SampleClass3 - Test Case is Pass.
15-May-2020 22:44:57.636 [main] DEBUG com.appname.testcases.BaseClass - Tearing Down the Class.
15-May-2020 22:44:57.636 [main] DEBUG com.appname.testcases.BaseClass - Closing all the opened browsers.
15-May-2020 22:44:58.481 [main] DEBUG com.appname.testcases.BaseClass - Fetching the Chrome driver from WebDriverManager.
15-May-2020 22:45:02.024 [main] DEBUG com.appname.testcases.BaseClass - Instantiating the Chrome Driver.
15-May-2020 22:45:04.184 [main] DEBUG com.appname.testcases.BaseClass - The browser window is maximized.
15-May-2020 22:45:04.185 [main] DEBUG com.appname.testcases.BaseClass - '4' value is fetched for property 'implicit_wait_time'.
15-May-2020 22:45:04.185 [main] DEBUG com.appname.testcases.BaseClass - Setting Implicit wait to 4 seconds for the execution.
15-May-2020 22:45:04.190 [main] DEBUG com.appname.testcases.BaseClass - '9' value is fetched for property 'explicit_wait_time'.
15-May-2020 22:45:04.191 [main] DEBUG com.appname.testcases.BaseClass - Setting Explicit wait to 9 seconds for the execution.
15-May-2020 22:45:04.191 [main] DEBUG com.appname.testcases.BaseClass - 'https://www.google.co.in/' value is fetched for property 'application_url'.
15-May-2020 22:45:04.191 [main] DEBUG com.appname.testcases.BaseClass - 'akansh.jha@gmail.com' value is fetched for property 'userName'.
15-May-2020 22:45:04.191 [main] DEBUG com.appname.testcases.BaseClass - 'randomPass' value is fetched for property 'password'.
15-May-2020 22:45:04.194 [main] DEBUG com.appname.utilities.ExtentReporterNG - Extent Spark Reporter has been instantiated.
15-May-2020 22:45:06.581 [main] DEBUG com.appname.testcases.SampleClass4 - Test Case has been executed successfully.
15-May-2020 22:45:06.581 [main] DEBUG com.appname.testcases.SampleClass4 - Test Case is Pass.
15-May-2020 22:45:08.585 [main] DEBUG com.appname.testcases.BaseClass - Tearing Down the Class.
15-May-2020 22:45:08.585 [main] DEBUG com.appname.testcases.BaseClass - Closing all the opened browsers.
15-May-2020 22:46:28.025 [main] DEBUG com.appname.testcases.BaseClass - Fetching the Chrome driver from WebDriverManager.
15-May-2020 22:46:32.666 [main] DEBUG com.appname.testcases.BaseClass - Instantiating the Chrome Driver.
15-May-2020 22:46:34.829 [main] DEBUG com.appname.testcases.BaseClass - The browser window is maximized.
15-May-2020 22:46:34.829 [main] DEBUG com.appname.testcases.BaseClass - '4' value is fetched for property 'implicit_wait_time'.
15-May-2020 22:46:34.829 [main] DEBUG com.appname.testcases.BaseClass - Setting Implicit wait to 4 seconds for the execution.
15-May-2020 22:46:34.835 [main] DEBUG com.appname.testcases.BaseClass - '9' value is fetched for property 'explicit_wait_time'.
15-May-2020 22:46:34.835 [main] DEBUG com.appname.testcases.BaseClass - Setting Explicit wait to 9 seconds for the execution.
15-May-2020 22:46:34.840 [main] DEBUG com.appname.testcases.BaseClass - 'https://www.google.co.in/' value is fetched for property 'application_url'.
15-May-2020 22:46:34.840 [main] DEBUG com.appname.testcases.BaseClass - 'akansh.jha@gmail.com' value is fetched for property 'userName'.
15-May-2020 22:46:34.840 [main] DEBUG com.appname.testcases.BaseClass - 'randomPass' value is fetched for property 'password'.
15-May-2020 22:46:34.886 [main] DEBUG com.appname.utilities.ExtentReporterNG - Extent Spark Reporter has been instantiated.
15-May-2020 22:46:37.481 [main] DEBUG com.appname.testcases.SampleClass - Test Case has been executed successfully.
15-May-2020 22:46:37.505 [main] DEBUG com.appname.utilities.TestNG_Listener - As test case is failed, taking a screenshot.
15-May-2020 22:46:39.877 [main] DEBUG com.appname.testcases.BaseClass - Tearing Down the Class.
15-May-2020 22:46:39.877 [main] DEBUG com.appname.testcases.BaseClass - Closing all the opened browsers.
15-May-2020 22:46:41.345 [main] DEBUG com.appname.testcases.BaseClass - Fetching the Chrome driver from WebDriverManager.
15-May-2020 22:46:44.803 [main] DEBUG com.appname.testcases.BaseClass - Instantiating the Chrome Driver.
15-May-2020 22:46:46.965 [main] DEBUG com.appname.testcases.BaseClass - The browser window is maximized.
15-May-2020 22:46:46.966 [main] DEBUG com.appname.testcases.BaseClass - '4' value is fetched for property 'implicit_wait_time'.
15-May-2020 22:46:46.967 [main] DEBUG com.appname.testcases.BaseClass - Setting Implicit wait to 4 seconds for the execution.
15-May-2020 22:46:46.980 [main] DEBUG com.appname.testcases.BaseClass - '9' value is fetched for property 'explicit_wait_time'.
15-May-2020 22:46:46.981 [main] DEBUG com.appname.testcases.BaseClass - Setting Explicit wait to 9 seconds for the execution.
15-May-2020 22:46:46.982 [main] DEBUG com.appname.testcases.BaseClass - 'https://www.google.co.in/' value is fetched for property 'application_url'.
15-May-2020 22:46:46.982 [main] DEBUG com.appname.testcases.BaseClass - 'akansh.jha@gmail.com' value is fetched for property 'userName'.
15-May-2020 22:46:46.983 [main] DEBUG com.appname.testcases.BaseClass - 'randomPass' value is fetched for property 'password'.
15-May-2020 22:46:46.992 [main] DEBUG com.appname.utilities.ExtentReporterNG - Extent Spark Reporter has been instantiated.
15-May-2020 22:46:49.180 [main] DEBUG com.appname.testcases.SampleClass2 - Test Case has been executed successfully.
15-May-2020 22:46:49.185 [main] DEBUG com.appname.utilities.TestNG_Listener - As test case is failed, taking a screenshot.
15-May-2020 22:46:51.575 [main] DEBUG com.appname.testcases.BaseClass - Tearing Down the Class.
15-May-2020 22:46:51.575 [main] DEBUG com.appname.testcases.BaseClass - Closing all the opened browsers.
15-May-2020 22:46:52.341 [main] DEBUG com.appname.testcases.BaseClass - Fetching the Chrome driver from WebDriverManager.
15-May-2020 22:46:55.765 [main] DEBUG com.appname.testcases.BaseClass - Instantiating the Chrome Driver.
15-May-2020 22:46:57.918 [main] DEBUG com.appname.testcases.BaseClass - The browser window is maximized.
15-May-2020 22:46:57.919 [main] DEBUG com.appname.testcases.BaseClass - '4' value is fetched for property 'implicit_wait_time'.
15-May-2020 22:46:57.920 [main] DEBUG com.appname.testcases.BaseClass - Setting Implicit wait to 4 seconds for the execution.
15-May-2020 22:46:57.931 [main] DEBUG com.appname.testcases.BaseClass - '9' value is fetched for property 'explicit_wait_time'.
15-May-2020 22:46:57.931 [main] DEBUG com.appname.testcases.BaseClass - Setting Explicit wait to 9 seconds for the execution.
15-May-2020 22:46:57.932 [main] DEBUG com.appname.testcases.BaseClass - 'https://www.google.co.in/' value is fetched for property 'application_url'.
15-May-2020 22:46:57.932 [main] DEBUG com.appname.testcases.BaseClass - 'akansh.jha@gmail.com' value is fetched for property 'userName'.
15-May-2020 22:46:57.933 [main] DEBUG com.appname.testcases.BaseClass - 'randomPass' value is fetched for property 'password'.
15-May-2020 22:46:57.944 [main] DEBUG com.appname.utilities.ExtentReporterNG - Extent Spark Reporter has been instantiated.
15-May-2020 22:47:00.343 [main] DEBUG com.appname.testcases.SampleClass3 - Test Case has been executed successfully.
15-May-2020 22:47:00.344 [main] DEBUG com.appname.testcases.SampleClass3 - Test Case is Pass.
15-May-2020 22:47:02.346 [main] DEBUG com.appname.testcases.BaseClass - Tearing Down the Class.
15-May-2020 22:47:02.346 [main] DEBUG com.appname.testcases.BaseClass - Closing all the opened browsers.
15-May-2020 22:47:03.080 [main] DEBUG com.appname.testcases.BaseClass - Fetching the Chrome driver from WebDriverManager.
15-May-2020 22:47:06.575 [main] DEBUG com.appname.testcases.BaseClass - Instantiating the Chrome Driver.
15-May-2020 22:47:08.709 [main] DEBUG com.appname.testcases.BaseClass - The browser window is maximized.
15-May-2020 22:47:08.709 [main] DEBUG com.appname.testcases.BaseClass - '4' value is fetched for property 'implicit_wait_time'.
15-May-2020 22:47:08.709 [main] DEBUG com.appname.testcases.BaseClass - Setting Implicit wait to 4 seconds for the execution.
15-May-2020 22:47:08.713 [main] DEBUG com.appname.testcases.BaseClass - '9' value is fetched for property 'explicit_wait_time'.
15-May-2020 22:47:08.713 [main] DEBUG com.appname.testcases.BaseClass - Setting Explicit wait to 9 seconds for the execution.
15-May-2020 22:47:08.713 [main] DEBUG com.appname.testcases.BaseClass - 'https://www.google.co.in/' value is fetched for property 'application_url'.
15-May-2020 22:47:08.714 [main] DEBUG com.appname.testcases.BaseClass - 'akansh.jha@gmail.com' value is fetched for property 'userName'.
15-May-2020 22:47:08.714 [main] DEBUG com.appname.testcases.BaseClass - 'randomPass' value is fetched for property 'password'.
15-May-2020 22:47:08.718 [main] DEBUG com.appname.utilities.ExtentReporterNG - Extent Spark Reporter has been instantiated.
15-May-2020 22:47:11.670 [main] DEBUG com.appname.testcases.SampleClass4 - Test Case has been executed successfully.
15-May-2020 22:47:11.670 [main] DEBUG com.appname.testcases.SampleClass4 - Test Case is Pass.
15-May-2020 22:47:13.674 [main] DEBUG com.appname.testcases.BaseClass - Tearing Down the Class.
15-May-2020 22:47:13.674 [main] DEBUG com.appname.testcases.BaseClass - Closing all the opened browsers.
15-May-2020 22:52:09.029 [main] DEBUG com.appname.testcases.BaseClass - Fetching the Chrome driver from WebDriverManager.
15-May-2020 22:52:13.659 [main] DEBUG com.appname.testcases.BaseClass - Instantiating the Chrome Driver.
15-May-2020 22:52:15.818 [main] DEBUG com.appname.testcases.BaseClass - The browser window is maximized.
15-May-2020 22:52:15.819 [main] DEBUG com.appname.testcases.BaseClass - '4' value is fetched for property 'implicit_wait_time'.
15-May-2020 22:52:15.820 [main] DEBUG com.appname.testcases.BaseClass - Setting Implicit wait to 4 seconds for the execution.
15-May-2020 22:52:15.839 [main] DEBUG com.appname.testcases.BaseClass - '9' value is fetched for property 'explicit_wait_time'.
15-May-2020 22:52:15.840 [main] DEBUG com.appname.testcases.BaseClass - Setting Explicit wait to 9 seconds for the execution.
15-May-2020 22:52:15.850 [main] DEBUG com.appname.testcases.BaseClass - 'https://www.google.co.in/' value is fetched for property 'application_url'.
15-May-2020 22:52:15.850 [main] DEBUG com.appname.testcases.BaseClass - 'akansh.jha@gmail.com' value is fetched for property 'userName'.
15-May-2020 22:52:15.850 [main] DEBUG com.appname.testcases.BaseClass - 'randomPass' value is fetched for property 'password'.
15-May-2020 22:52:15.906 [main] DEBUG com.appname.utilities.ExtentReporterNG - Extent Spark Reporter has been instantiated.
15-May-2020 22:52:18.913 [main] DEBUG com.appname.testcases.SampleClass - Test Case has been executed successfully.
15-May-2020 22:52:18.936 [main] DEBUG com.appname.utilities.TestNG_Listener - As test case is failed, taking a screenshot.
15-May-2020 22:52:19.354 [main] DEBUG com.appname.utilities.ExtentReporterNG - Extent Spark Reporter has been instantiated.
15-May-2020 22:52:19.388 [main] DEBUG com.appname.utilities.TestNG_Listener - As test case is failed, taking a screenshot.
15-May-2020 22:52:19.744 [main] DEBUG com.appname.utilities.ExtentReporterNG - Extent Spark Reporter has been instantiated.
15-May-2020 22:52:19.765 [main] DEBUG com.appname.utilities.TestNG_Listener - As test case is failed, taking a screenshot.
15-May-2020 22:52:20.123 [main] DEBUG com.appname.utilities.ExtentReporterNG - Extent Spark Reporter has been instantiated.
15-May-2020 22:52:20.136 [main] DEBUG com.appname.utilities.TestNG_Listener - As test case is failed, taking a screenshot.
15-May-2020 22:52:22.485 [main] DEBUG com.appname.testcases.BaseClass - Tearing Down the Class.
15-May-2020 22:52:22.485 [main] DEBUG com.appname.testcases.BaseClass - Closing all the opened browsers.
15-May-2020 22:55:22.099 [main] DEBUG com.appname.testcases.BaseClass - Fetching the Chrome driver from WebDriverManager.
15-May-2020 22:55:26.766 [main] DEBUG com.appname.testcases.BaseClass - Instantiating the Chrome Driver.
15-May-2020 22:55:28.898 [main] DEBUG com.appname.testcases.BaseClass - The browser window is maximized.
15-May-2020 22:55:28.899 [main] DEBUG com.appname.testcases.BaseClass - '4' value is fetched for property 'implicit_wait_time'.
15-May-2020 22:55:28.899 [main] DEBUG com.appname.testcases.BaseClass - Setting Implicit wait to 4 seconds for the execution.
15-May-2020 22:55:28.906 [main] DEBUG com.appname.testcases.BaseClass - '9' value is fetched for property 'explicit_wait_time'.
15-May-2020 22:55:28.906 [main] DEBUG com.appname.testcases.BaseClass - Setting Explicit wait to 9 seconds for the execution.
15-May-2020 22:55:28.911 [main] DEBUG com.appname.testcases.BaseClass - 'https://www.google.co.in/' value is fetched for property 'application_url'.
15-May-2020 22:55:28.912 [main] DEBUG com.appname.testcases.BaseClass - 'akansh.jha@gmail.com' value is fetched for property 'userName'.
15-May-2020 22:55:28.912 [main] DEBUG com.appname.testcases.BaseClass - 'randomPass' value is fetched for property 'password'.
15-May-2020 22:55:28.955 [main] DEBUG com.appname.utilities.ExtentReporterNG - Extent Spark Reporter has been instantiated.
15-May-2020 22:55:31.149 [main] DEBUG com.appname.testcases.SampleClass - Test Case has been executed successfully.
15-May-2020 22:55:31.174 [main] DEBUG com.appname.utilities.TestNG_Listener - As test case is failed, taking a screenshot.
15-May-2020 22:55:33.550 [main] DEBUG com.appname.testcases.BaseClass - Tearing Down the Class.
15-May-2020 22:55:33.550 [main] DEBUG com.appname.testcases.BaseClass - Closing all the opened browsers.
15-May-2020 22:55:34.286 [main] DEBUG com.appname.testcases.BaseClass - Fetching the Chrome driver from WebDriverManager.
15-May-2020 22:55:38.082 [main] DEBUG com.appname.testcases.BaseClass - Instantiating the Chrome Driver.
15-May-2020 22:55:40.247 [main] DEBUG com.appname.testcases.BaseClass - The browser window is maximized.
15-May-2020 22:55:40.248 [main] DEBUG com.appname.testcases.BaseClass - '4' value is fetched for property 'implicit_wait_time'.
15-May-2020 22:55:40.249 [main] DEBUG com.appname.testcases.BaseClass - Setting Implicit wait to 4 seconds for the execution.
15-May-2020 22:55:40.259 [main] DEBUG com.appname.testcases.BaseClass - '9' value is fetched for property 'explicit_wait_time'.
15-May-2020 22:55:40.260 [main] DEBUG com.appname.testcases.BaseClass - Setting Explicit wait to 9 seconds for the execution.
15-May-2020 22:55:40.260 [main] DEBUG com.appname.testcases.BaseClass - 'https://www.google.co.in/' value is fetched for property 'application_url'.
15-May-2020 22:55:40.261 [main] DEBUG com.appname.testcases.BaseClass - 'akansh.jha@gmail.com' value is fetched for property 'userName'.
15-May-2020 22:55:40.261 [main] DEBUG com.appname.testcases.BaseClass - 'randomPass' value is fetched for property 'password'.
15-May-2020 22:55:40.270 [main] DEBUG com.appname.utilities.ExtentReporterNG - Extent Spark Reporter has been instantiated.
15-May-2020 22:55:42.261 [main] DEBUG com.appname.testcases.SampleClass2 - Test Case has been executed successfully.
15-May-2020 22:55:42.266 [main] DEBUG com.appname.utilities.TestNG_Listener - As test case is failed, taking a screenshot.
15-May-2020 22:55:44.643 [main] DEBUG com.appname.testcases.BaseClass - Tearing Down the Class.
15-May-2020 22:55:44.643 [main] DEBUG com.appname.testcases.BaseClass - Closing all the opened browsers.
15-May-2020 22:55:45.404 [main] DEBUG com.appname.testcases.BaseClass - Fetching the Chrome driver from WebDriverManager.
15-May-2020 22:55:48.851 [main] DEBUG com.appname.testcases.BaseClass - Instantiating the Chrome Driver.
15-May-2020 22:55:50.980 [main] DEBUG com.appname.testcases.BaseClass - The browser window is maximized.
15-May-2020 22:55:50.980 [main] DEBUG com.appname.testcases.BaseClass - '4' value is fetched for property 'implicit_wait_time'.
15-May-2020 22:55:50.981 [main] DEBUG com.appname.testcases.BaseClass - Setting Implicit wait to 4 seconds for the execution.
15-May-2020 22:55:50.986 [main] DEBUG com.appname.testcases.BaseClass - '9' value is fetched for property 'explicit_wait_time'.
15-May-2020 22:55:50.987 [main] DEBUG com.appname.testcases.BaseClass - Setting Explicit wait to 9 seconds for the execution.
15-May-2020 22:55:50.987 [main] DEBUG com.appname.testcases.BaseClass - 'https://www.google.co.in/' value is fetched for property 'application_url'.
15-May-2020 22:55:50.987 [main] DEBUG com.appname.testcases.BaseClass - 'akansh.jha@gmail.com' value is fetched for property 'userName'.
15-May-2020 22:55:50.987 [main] DEBUG com.appname.testcases.BaseClass - 'randomPass' value is fetched for property 'password'.
15-May-2020 22:55:50.991 [main] DEBUG com.appname.utilities.ExtentReporterNG - Extent Spark Reporter has been instantiated.
15-May-2020 22:55:53.412 [main] DEBUG com.appname.testcases.SampleClass3 - Test Case has been executed successfully.
15-May-2020 22:55:53.413 [main] DEBUG com.appname.testcases.SampleClass3 - Test Case is Pass.
15-May-2020 22:55:55.416 [main] DEBUG com.appname.testcases.BaseClass - Tearing Down the Class.
15-May-2020 22:55:55.416 [main] DEBUG com.appname.testcases.BaseClass - Closing all the opened browsers.
15-May-2020 22:55:56.250 [main] DEBUG com.appname.testcases.BaseClass - Fetching the Chrome driver from WebDriverManager.
15-May-2020 22:55:59.787 [main] DEBUG com.appname.testcases.BaseClass - Instantiating the Chrome Driver.
15-May-2020 22:56:01.930 [main] DEBUG com.appname.testcases.BaseClass - The browser window is maximized.
15-May-2020 22:56:01.930 [main] DEBUG com.appname.testcases.BaseClass - '4' value is fetched for property 'implicit_wait_time'.
15-May-2020 22:56:01.930 [main] DEBUG com.appname.testcases.BaseClass - Setting Implicit wait to 4 seconds for the execution.
15-May-2020 22:56:01.936 [main] DEBUG com.appname.testcases.BaseClass - '9' value is fetched for property 'explicit_wait_time'.
15-May-2020 22:56:01.936 [main] DEBUG com.appname.testcases.BaseClass - Setting Explicit wait to 9 seconds for the execution.
15-May-2020 22:56:01.936 [main] DEBUG com.appname.testcases.BaseClass - 'https://www.google.co.in/' value is fetched for property 'application_url'.
15-May-2020 22:56:01.937 [main] DEBUG com.appname.testcases.BaseClass - 'akansh.jha@gmail.com' value is fetched for property 'userName'.
15-May-2020 22:56:01.937 [main] DEBUG com.appname.testcases.BaseClass - 'randomPass' value is fetched for property 'password'.
15-May-2020 22:56:01.941 [main] DEBUG com.appname.utilities.ExtentReporterNG - Extent Spark Reporter has been instantiated.
15-May-2020 22:56:03.710 [main] DEBUG com.appname.testcases.SampleClass4 - Test Case has been executed successfully.
15-May-2020 22:56:03.710 [main] DEBUG com.appname.testcases.SampleClass4 - Test Case is Pass.
15-May-2020 22:56:05.713 [main] DEBUG com.appname.testcases.BaseClass - Tearing Down the Class.
15-May-2020 22:56:05.713 [main] DEBUG com.appname.testcases.BaseClass - Closing all the opened browsers.
15-May-2020 23:01:38.942 [main] DEBUG com.appname.testcases.BaseClass - Fetching the Chrome driver from WebDriverManager.
15-May-2020 23:01:43.492 [main] DEBUG com.appname.testcases.BaseClass - Instantiating the Chrome Driver.
15-May-2020 23:01:45.643 [main] DEBUG com.appname.testcases.BaseClass - The browser window is maximized.
15-May-2020 23:01:45.643 [main] DEBUG com.appname.testcases.BaseClass - '4' value is fetched for property 'implicit_wait_time'.
15-May-2020 23:01:45.643 [main] DEBUG com.appname.testcases.BaseClass - Setting Implicit wait to 4 seconds for the execution.
15-May-2020 23:01:45.653 [main] DEBUG com.appname.testcases.BaseClass - '9' value is fetched for property 'explicit_wait_time'.
15-May-2020 23:01:45.653 [main] DEBUG com.appname.testcases.BaseClass - Setting Explicit wait to 9 seconds for the execution.
15-May-2020 23:01:45.657 [main] DEBUG com.appname.testcases.BaseClass - 'https://www.google.co.in/' value is fetched for property 'application_url'.
15-May-2020 23:01:45.657 [main] DEBUG com.appname.testcases.BaseClass - 'akansh.jha@gmail.com' value is fetched for property 'userName'.
15-May-2020 23:01:45.658 [main] DEBUG com.appname.testcases.BaseClass - 'randomPass' value is fetched for property 'password'.
15-May-2020 23:01:45.722 [main] DEBUG com.appname.utilities.ExtentReporterNG - Extent Spark Reporter has been instantiated.
15-May-2020 23:01:48.338 [main] DEBUG com.appname.testcases.SampleClass - Test Case 01 has been executed successfully.
15-May-2020 23:01:48.356 [main] DEBUG com.appname.utilities.TestNG_Listener - As test case is failed, taking a screenshot.
15-May-2020 23:01:48.886 [main] DEBUG com.appname.utilities.ExtentReporterNG - Extent Spark Reporter has been instantiated.
15-May-2020 23:01:50.481 [main] DEBUG com.appname.testcases.SampleClass - Test Case 02 has been executed successfully.
15-May-2020 23:01:50.481 [main] DEBUG com.appname.testcases.SampleClass - Test Case 02 is Passed.
15-May-2020 23:01:50.488 [main] DEBUG com.appname.utilities.ExtentReporterNG - Extent Spark Reporter has been instantiated.
15-May-2020 23:01:51.426 [main] DEBUG com.appname.testcases.SampleClass - Test Case 03 has been executed successfully.
15-May-2020 23:01:51.431 [main] DEBUG com.appname.utilities.TestNG_Listener - As test case is failed, taking a screenshot.
15-May-2020 23:01:51.793 [main] DEBUG com.appname.utilities.ExtentReporterNG - Extent Spark Reporter has been instantiated.
15-May-2020 23:01:53.188 [main] DEBUG com.appname.testcases.SampleClass - Test Case 04 has been executed successfully.
15-May-2020 23:01:53.188 [main] DEBUG com.appname.testcases.SampleClass - Test Case 04 is Passed.
15-May-2020 23:01:55.194 [main] DEBUG com.appname.testcases.BaseClass - Tearing Down the Class.
15-May-2020 23:01:55.194 [main] DEBUG com.appname.testcases.BaseClass - Closing all the opened browsers.
15-May-2020 23:05:06.809 [main] DEBUG com.appname.testcases.BaseClass - Fetching the Chrome driver from WebDriverManager.
15-May-2020 23:05:11.383 [main] DEBUG com.appname.testcases.BaseClass - Instantiating the Chrome Driver.
15-May-2020 23:05:13.548 [main] DEBUG com.appname.testcases.BaseClass - The browser window is maximized.
15-May-2020 23:05:13.549 [main] DEBUG com.appname.testcases.BaseClass - '4' value is fetched for property 'implicit_wait_time'.
15-May-2020 23:05:13.550 [main] DEBUG com.appname.testcases.BaseClass - Setting Implicit wait to 4 seconds for the execution.
15-May-2020 23:05:13.565 [main] DEBUG com.appname.testcases.BaseClass - '9' value is fetched for property 'explicit_wait_time'.
15-May-2020 23:05:13.566 [main] DEBUG com.appname.testcases.BaseClass - Setting Explicit wait to 9 seconds for the execution.
15-May-2020 23:05:13.576 [main] DEBUG com.appname.testcases.BaseClass - 'https://www.google.co.in/' value is fetched for property 'application_url'.
15-May-2020 23:05:13.576 [main] DEBUG com.appname.testcases.BaseClass - 'akansh.jha@gmail.com' value is fetched for property 'userName'.
15-May-2020 23:05:13.576 [main] DEBUG com.appname.testcases.BaseClass - 'randomPass' value is fetched for property 'password'.
15-May-2020 23:05:13.626 [main] DEBUG com.appname.utilities.ExtentReporterNG - Extent Spark Reporter has been instantiated.
15-May-2020 23:05:15.613 [main] DEBUG com.appname.testcases.SampleClass - Test Case 01 has been executed successfully.
15-May-2020 23:05:15.633 [main] DEBUG com.appname.utilities.TestNG_Listener - As test case is failed, taking a screenshot.
15-May-2020 23:05:16.051 [main] DEBUG com.appname.utilities.ExtentReporterNG - Extent Spark Reporter has been instantiated.
15-May-2020 23:05:17.214 [main] DEBUG com.appname.testcases.SampleClass - Test Case 02 has been executed successfully.
15-May-2020 23:05:17.215 [main] DEBUG com.appname.testcases.SampleClass - Test Case 02 is Passed.
15-May-2020 23:05:17.223 [main] DEBUG com.appname.utilities.ExtentReporterNG - Extent Spark Reporter has been instantiated.
15-May-2020 23:05:17.948 [main] DEBUG com.appname.testcases.SampleClass - Test Case 03 has been executed successfully.
15-May-2020 23:05:17.952 [main] DEBUG com.appname.utilities.TestNG_Listener - As test case is failed, taking a screenshot.
15-May-2020 23:05:18.355 [main] DEBUG com.appname.utilities.ExtentReporterNG - Extent Spark Reporter has been instantiated.
15-May-2020 23:05:19.141 [main] DEBUG com.appname.testcases.SampleClass - Test Case 04 has been executed successfully.
15-May-2020 23:05:19.141 [main] DEBUG com.appname.testcases.SampleClass - Test Case 04 is Passed.
15-May-2020 23:05:21.145 [main] DEBUG com.appname.testcases.BaseClass - Tearing Down the Class.
15-May-2020 23:05:21.145 [main] DEBUG com.appname.testcases.BaseClass - Closing all the opened browsers.
15-May-2020 23:11:45.177 [main] DEBUG com.appname.testcases.BaseClass - Fetching the Chrome driver from WebDriverManager.
15-May-2020 23:11:49.735 [main] DEBUG com.appname.testcases.BaseClass - Instantiating the Chrome Driver.
15-May-2020 23:11:51.894 [main] DEBUG com.appname.testcases.BaseClass - The browser window is maximized.
15-May-2020 23:11:51.895 [main] DEBUG com.appname.testcases.BaseClass - '4' value is fetched for property 'implicit_wait_time'.
15-May-2020 23:11:51.895 [main] DEBUG com.appname.testcases.BaseClass - Setting Implicit wait to 4 seconds for the execution.
15-May-2020 23:11:51.912 [main] DEBUG com.appname.testcases.BaseClass - '9' value is fetched for property 'explicit_wait_time'.
15-May-2020 23:11:51.913 [main] DEBUG com.appname.testcases.BaseClass - Setting Explicit wait to 9 seconds for the execution.
15-May-2020 23:11:51.922 [main] DEBUG com.appname.testcases.BaseClass - 'https://www.google.co.in/' value is fetched for property 'application_url'.
15-May-2020 23:11:51.923 [main] DEBUG com.appname.testcases.BaseClass - 'akansh.jha@gmail.com' value is fetched for property 'userName'.
15-May-2020 23:11:51.923 [main] DEBUG com.appname.testcases.BaseClass - 'randomPass' value is fetched for property 'password'.
15-May-2020 23:11:51.974 [main] DEBUG com.appname.utilities.ExtentReporterNG - Extent Spark Reporter has been instantiated.
15-May-2020 23:11:54.829 [main] DEBUG com.appname.testcases.SampleClass - Test Case 01 has been executed successfully.
15-May-2020 23:11:54.854 [main] DEBUG com.appname.utilities.TestNG_Listener - As test case is failed, taking a screenshot.
15-May-2020 23:11:55.448 [main] DEBUG com.appname.utilities.ExtentReporterNG - Extent Spark Reporter has been instantiated.
15-May-2020 23:11:57.133 [main] DEBUG com.appname.testcases.SampleClass - Test Case 02 has been executed successfully.
15-May-2020 23:11:57.133 [main] DEBUG com.appname.testcases.SampleClass - Test Case 02 is Passed.
15-May-2020 23:11:57.140 [main] DEBUG com.appname.utilities.ExtentReporterNG - Extent Spark Reporter has been instantiated.
15-May-2020 23:11:57.918 [main] DEBUG com.appname.testcases.SampleClass - Test Case 03 has been executed successfully.
15-May-2020 23:11:57.923 [main] DEBUG com.appname.utilities.TestNG_Listener - As test case is failed, taking a screenshot.
15-May-2020 23:11:58.305 [main] DEBUG com.appname.utilities.ExtentReporterNG - Extent Spark Reporter has been instantiated.
15-May-2020 23:11:59.288 [main] DEBUG com.appname.testcases.SampleClass - Test Case 04 has been executed successfully.
15-May-2020 23:11:59.289 [main] DEBUG com.appname.testcases.SampleClass - Test Case 04 is Passed.
15-May-2020 23:12:01.294 [main] DEBUG com.appname.testcases.BaseClass - Tearing Down the Class.
15-May-2020 23:12:01.294 [main] DEBUG com.appname.testcases.BaseClass - Closing all the opened browsers.
15-May-2020 23:13:38.182 [main] DEBUG com.appname.testcases.BaseClass - Fetching the Chrome driver from WebDriverManager.
15-May-2020 23:13:42.900 [main] DEBUG com.appname.testcases.BaseClass - Instantiating the Chrome Driver.
15-May-2020 23:13:45.063 [main] DEBUG com.appname.testcases.BaseClass - The browser window is maximized.
15-May-2020 23:13:45.064 [main] DEBUG com.appname.testcases.BaseClass - '4' value is fetched for property 'implicit_wait_time'.
15-May-2020 23:13:45.065 [main] DEBUG com.appname.testcases.BaseClass - Setting Implicit wait to 4 seconds for the execution.
15-May-2020 23:13:45.078 [main] DEBUG com.appname.testcases.BaseClass - '9' value is fetched for property 'explicit_wait_time'.
15-May-2020 23:13:45.078 [main] DEBUG com.appname.testcases.BaseClass - Setting Explicit wait to 9 seconds for the execution.
15-May-2020 23:13:45.087 [main] DEBUG com.appname.testcases.BaseClass - 'https://www.google.co.in/' value is fetched for property 'application_url'.
15-May-2020 23:13:45.087 [main] DEBUG com.appname.testcases.BaseClass - 'akansh.jha@gmail.com' value is fetched for property 'userName'.
15-May-2020 23:13:45.087 [main] DEBUG com.appname.testcases.BaseClass - 'randomPass' value is fetched for property 'password'.
15-May-2020 23:13:45.138 [main] DEBUG com.appname.utilities.ExtentReporterNG - Extent Spark Reporter has been instantiated.
15-May-2020 23:13:47.731 [main] DEBUG com.appname.testcases.SampleClass - Test Case 01 has been executed successfully.
15-May-2020 23:13:47.753 [main] DEBUG com.appname.utilities.TestNG_Listener - As test case is failed, taking a screenshot.
15-May-2020 23:13:49.106 [main] DEBUG com.appname.testcases.SampleClass - Test Case 02 has been executed successfully.
15-May-2020 23:13:49.106 [main] DEBUG com.appname.testcases.SampleClass - Test Case 02 is Passed.
15-May-2020 23:13:51.766 [main] DEBUG com.appname.testcases.SampleClass - Test Case 03 has been executed successfully.
15-May-2020 23:13:51.770 [main] DEBUG com.appname.utilities.TestNG_Listener - As test case is failed, taking a screenshot.
15-May-2020 23:13:53.260 [main] DEBUG com.appname.testcases.SampleClass - Test Case 04 has been executed successfully.
15-May-2020 23:13:53.261 [main] DEBUG com.appname.testcases.SampleClass - Test Case 04 is Passed.
15-May-2020 23:13:55.265 [main] DEBUG com.appname.testcases.BaseClass - Tearing Down the Class.
15-May-2020 23:13:55.265 [main] DEBUG com.appname.testcases.BaseClass - Closing all the opened browsers.
15-May-2020 23:25:21.823 [main] DEBUG com.appname.utilities.ExtentReporterNG - Extent Spark Reporter has been instantiated.
15-May-2020 23:25:22.084 [main] DEBUG com.appname.testcases.BaseClass - Fetching the Chrome driver from WebDriverManager.
15-May-2020 23:25:26.633 [main] DEBUG com.appname.testcases.BaseClass - Instantiating the Chrome Driver.
15-May-2020 23:25:28.766 [main] DEBUG com.appname.testcases.BaseClass - The browser window is maximized.
15-May-2020 23:25:28.766 [main] DEBUG com.appname.testcases.BaseClass - '4' value is fetched for property 'implicit_wait_time'.
15-May-2020 23:25:28.767 [main] DEBUG com.appname.testcases.BaseClass - Setting Implicit wait to 4 seconds for the execution.
15-May-2020 23:25:28.773 [main] DEBUG com.appname.testcases.BaseClass - '9' value is fetched for property 'explicit_wait_time'.
15-May-2020 23:25:28.773 [main] DEBUG com.appname.testcases.BaseClass - Setting Explicit wait to 9 seconds for the execution.
15-May-2020 23:25:28.778 [main] DEBUG com.appname.testcases.BaseClass - 'https://www.google.co.in/' value is fetched for property 'application_url'.
15-May-2020 23:25:28.779 [main] DEBUG com.appname.testcases.BaseClass - 'akansh.jha@gmail.com' value is fetched for property 'userName'.
15-May-2020 23:25:28.779 [main] DEBUG com.appname.testcases.BaseClass - 'randomPass' value is fetched for property 'password'.
15-May-2020 23:25:30.946 [main] DEBUG com.appname.testcases.SampleClass - Test Case 01 has been executed successfully.
15-May-2020 23:25:30.971 [main] DEBUG com.appname.utilities.TestNG_Listener - As test case is failed, taking a screenshot.
15-May-2020 23:25:33.874 [main] DEBUG com.appname.testcases.SampleClass - Test Case 02 has been executed successfully.
15-May-2020 23:25:33.874 [main] DEBUG com.appname.testcases.SampleClass - Test Case 02 is Passed.
15-May-2020 23:25:34.734 [main] DEBUG com.appname.testcases.SampleClass - Test Case 03 has been executed successfully.
15-May-2020 23:25:34.739 [main] DEBUG com.appname.utilities.TestNG_Listener - As test case is failed, taking a screenshot.
15-May-2020 23:25:35.953 [main] DEBUG com.appname.testcases.SampleClass - Test Case 04 has been executed successfully.
15-May-2020 23:25:35.954 [main] DEBUG com.appname.testcases.SampleClass - Test Case 04 is Passed.
15-May-2020 23:25:37.962 [main] DEBUG com.appname.testcases.BaseClass - Tearing Down the Class.
15-May-2020 23:25:37.962 [main] DEBUG com.appname.testcases.BaseClass - Closing all the opened browsers.
15-May-2020 23:29:53.441 [main] DEBUG com.appname.utilities.ExtentReporterNG - Extent Spark Reporter has been instantiated.
15-May-2020 23:29:53.695 [main] DEBUG com.appname.testcases.BaseClass - Fetching the Chrome driver from WebDriverManager.
15-May-2020 23:29:58.572 [main] DEBUG com.appname.testcases.BaseClass - Instantiating the Chrome Driver.
15-May-2020 23:30:00.703 [main] DEBUG com.appname.testcases.BaseClass - The browser window is maximized.
15-May-2020 23:30:00.703 [main] DEBUG com.appname.testcases.BaseClass - '4' value is fetched for property 'implicit_wait_time'.
15-May-2020 23:30:00.703 [main] DEBUG com.appname.testcases.BaseClass - Setting Implicit wait to 4 seconds for the execution.
15-May-2020 23:30:00.710 [main] DEBUG com.appname.testcases.BaseClass - '9' value is fetched for property 'explicit_wait_time'.
15-May-2020 23:30:00.710 [main] DEBUG com.appname.testcases.BaseClass - Setting Explicit wait to 9 seconds for the execution.
15-May-2020 23:30:00.715 [main] DEBUG com.appname.testcases.BaseClass - 'https://www.google.co.in/' value is fetched for property 'application_url'.
15-May-2020 23:30:00.716 [main] DEBUG com.appname.testcases.BaseClass - 'akansh.jha@gmail.com' value is fetched for property 'userName'.
15-May-2020 23:30:00.716 [main] DEBUG com.appname.testcases.BaseClass - 'randomPass' value is fetched for property 'password'.
15-May-2020 23:30:02.803 [main] DEBUG com.appname.testcases.SampleClass - Test Case 01 has been executed successfully.
15-May-2020 23:30:02.824 [main] DEBUG com.appname.utilities.TestNG_Listener - As test case is failed, taking a screenshot.
15-May-2020 23:30:04.421 [main] DEBUG com.appname.testcases.SampleClass - Test Case 02 has been executed successfully.
15-May-2020 23:30:04.422 [main] DEBUG com.appname.testcases.SampleClass - Test Case 02 is Passed.
15-May-2020 23:30:05.213 [main] DEBUG com.appname.testcases.SampleClass - Test Case 03 has been executed successfully.
15-May-2020 23:30:05.217 [main] DEBUG com.appname.utilities.TestNG_Listener - As test case is failed, taking a screenshot.
15-May-2020 23:30:06.453 [main] DEBUG com.appname.testcases.SampleClass - Test Case 04 has been executed successfully.
15-May-2020 23:30:06.453 [main] DEBUG com.appname.testcases.SampleClass - Test Case 04 is Passed.
15-May-2020 23:30:08.464 [main] DEBUG com.appname.testcases.BaseClass - Tearing Down the Class.
15-May-2020 23:30:08.464 [main] DEBUG com.appname.testcases.BaseClass - Closing all the opened browsers.
15-May-2020 23:32:54.315 [main] DEBUG com.appname.utilities.ExtentReporterNG - Extent Spark Reporter has been instantiated.
15-May-2020 23:32:54.516 [main] DEBUG com.appname.testcases.BaseClass - Fetching the Chrome driver from WebDriverManager.
15-May-2020 23:32:59.090 [main] DEBUG com.appname.testcases.BaseClass - Instantiating the Chrome Driver.
15-May-2020 23:33:01.262 [main] DEBUG com.appname.testcases.BaseClass - The browser window is maximized.
15-May-2020 23:33:01.263 [main] DEBUG com.appname.testcases.BaseClass - '4' value is fetched for property 'implicit_wait_time'.
15-May-2020 23:33:01.263 [main] DEBUG com.appname.testcases.BaseClass - Setting Implicit wait to 4 seconds for the execution.
15-May-2020 23:33:01.277 [main] DEBUG com.appname.testcases.BaseClass - '9' value is fetched for property 'explicit_wait_time'.
15-May-2020 23:33:01.277 [main] DEBUG com.appname.testcases.BaseClass - Setting Explicit wait to 9 seconds for the execution.
15-May-2020 23:33:01.283 [main] DEBUG com.appname.testcases.BaseClass - 'https://www.google.co.in/' value is fetched for property 'application_url'.
15-May-2020 23:33:01.284 [main] DEBUG com.appname.testcases.BaseClass - 'akansh.jha@gmail.com' value is fetched for property 'userName'.
15-May-2020 23:33:01.284 [main] DEBUG com.appname.testcases.BaseClass - 'randomPass' value is fetched for property 'password'.
15-May-2020 23:33:04.542 [main] DEBUG com.appname.testcases.SampleClass - Test Case 01 has been executed successfully.
15-May-2020 23:33:04.565 [main] DEBUG com.appname.utilities.TestNG_Listener - As test case is failed, taking a screenshot.
15-May-2020 23:33:06.291 [main] DEBUG com.appname.testcases.SampleClass - Test Case 02 has been executed successfully.
15-May-2020 23:33:06.291 [main] DEBUG com.appname.testcases.SampleClass - Test Case 02 is Passed.
15-May-2020 23:33:07.106 [main] DEBUG com.appname.testcases.SampleClass - Test Case 03 has been executed successfully.
15-May-2020 23:33:07.112 [main] DEBUG com.appname.utilities.TestNG_Listener - As test case is failed, taking a screenshot.
15-May-2020 23:33:08.314 [main] DEBUG com.appname.testcases.SampleClass - Test Case 04 has been executed successfully.
15-May-2020 23:33:08.315 [main] DEBUG com.appname.testcases.SampleClass - Test Case 04 is Passed.
15-May-2020 23:33:10.326 [main] DEBUG com.appname.testcases.BaseClass - Tearing Down the Class.
15-May-2020 23:33:10.327 [main] DEBUG com.appname.testcases.BaseClass - Closing all the opened browsers.
15-May-2020 23:35:54.044 [main] DEBUG com.appname.utilities.ExtentReporterNG - Extent Spark Reporter has been instantiated.
15-May-2020 23:35:54.281 [main] DEBUG com.appname.testcases.BaseClass - Fetching the Chrome driver from WebDriverManager.
15-May-2020 23:35:58.799 [main] DEBUG com.appname.testcases.BaseClass - Instantiating the Chrome Driver.
15-May-2020 23:36:00.931 [main] DEBUG com.appname.testcases.BaseClass - The browser window is maximized.
15-May-2020 23:36:00.931 [main] DEBUG com.appname.testcases.BaseClass - '4' value is fetched for property 'implicit_wait_time'.
15-May-2020 23:36:00.931 [main] DEBUG com.appname.testcases.BaseClass - Setting Implicit wait to 4 seconds for the execution.
15-May-2020 23:36:00.939 [main] DEBUG com.appname.testcases.BaseClass - '9' value is fetched for property 'explicit_wait_time'.
15-May-2020 23:36:00.940 [main] DEBUG com.appname.testcases.BaseClass - Setting Explicit wait to 9 seconds for the execution.
15-May-2020 23:36:00.945 [main] DEBUG com.appname.testcases.BaseClass - 'https://www.google.co.in/' value is fetched for property 'application_url'.
15-May-2020 23:36:00.945 [main] DEBUG com.appname.testcases.BaseClass - 'akansh.jha@gmail.com' value is fetched for property 'userName'.
15-May-2020 23:36:00.946 [main] DEBUG com.appname.testcases.BaseClass - 'randomPass' value is fetched for property 'password'.
15-May-2020 23:36:03.629 [main] DEBUG com.appname.testcases.SampleClass - Test Case 01 has been executed successfully.
15-May-2020 23:36:03.651 [main] DEBUG com.appname.utilities.TestNG_Listener - As test case is failed, taking a screenshot.
15-May-2020 23:36:05.650 [main] DEBUG com.appname.testcases.SampleClass - Test Case 02 has been executed successfully.
15-May-2020 23:36:05.651 [main] DEBUG com.appname.testcases.SampleClass - Test Case 02 is Passed.
15-May-2020 23:36:06.553 [main] DEBUG com.appname.testcases.SampleClass - Test Case 03 has been executed successfully.
15-May-2020 23:36:06.558 [main] DEBUG com.appname.utilities.TestNG_Listener - As test case is failed, taking a screenshot.
15-May-2020 23:36:07.825 [main] DEBUG com.appname.testcases.SampleClass - Test Case 04 has been executed successfully.
15-May-2020 23:36:07.826 [main] DEBUG com.appname.testcases.SampleClass - Test Case 04 is Passed.
15-May-2020 23:36:09.835 [main] DEBUG com.appname.testcases.BaseClass - Tearing Down the Class.
15-May-2020 23:36:09.836 [main] DEBUG com.appname.testcases.BaseClass - Closing all the opened browsers.
